[ 2018-09-27T09:04:07+08:00 ] 127.0.0.1 /t.php?s=/Order/Trace/index
INFO: [ app_init ] --START--
INFO: Run Behavior\BuildLiteBehavior [ RunTime:0.000000s ]
INFO: [ app_init ] --END-- [ RunTime:0.001000s ]
INFO: [ app_begin ] --START--
INFO: Run Behavior\ReadHtmlCacheBehavior [ RunTime:0.001000s ]
INFO: [ app_begin ] --END-- [ RunTime:0.001000s ]
NOTIC: [8] Undefined index: scanNumber E:\web\erpcnapi\newerp\Application\Order\Controller\TraceController.class.php 第 65 行.
SQL: SHOW COLUMNS FROM `erp_ebay_order` [ RunTime:0.0010s ]
SQL: SHOW COLUMNS FROM `erp_goods_sale_detail` [ RunTime:0.0010s ]
SQL: SHOW COLUMNS FROM `abnormal_order` [ RunTime:0.0000s ]
SQL: SHOW COLUMNS FROM `ebay_account` [ RunTime:0.0010s ]
NOTIC: [8] Undefined index: ebay_addtime_start E:\web\erpcnapi\newerp\Application\Order\Controller\TraceController.class.php 第 80 行.
NOTIC: [8] Undefined index: ebay_addtime_end E:\web\erpcnapi\newerp\Application\Order\Controller\TraceController.class.php 第 87 行.
SQL: SELECT COUNT(distinct ebay_id) AS tp_count FROM abnormal_order b WHERE ( b.addtime >= '2018-09-27 00:00:00' AND b.addtime <= '2018-09-27 23:59:59'  ) LIMIT 1   [ RunTime:0.0010s ]
SQL: SELECT a.ebay_id,a.ebay_status,a.ordertype,a.ebay_tracknumber,a.ebay_carrier,a.orderweight,a.ebay_account,a.ebay_warehouse,a.market FROM abnormal_order b left join erp_ebay_order as a ON b.ebay_id = a.ebay_id  WHERE ( b.addtime >= '2018-09-27 00:00:00' AND b.addtime <= '2018-09-27 23:59:59'  ) GROUP BY ebay_id ORDER BY id desc LIMIT 0,50   [ RunTime:0.0000s ]
NOTIC: [8] Undefined variable: orderData E:\web\erpcnapi\newerp\Application\Order\Controller\TraceController.class.php 第 105 行.
SQL: SHOW COLUMNS FROM `ebay_store` [ RunTime:0.0010s ]
SQL: SELECT `id`,`store_name` FROM `ebay_store`  [ RunTime:0.0000s ]
NOTIC: [8] Undefined variable: msg E:\web\erpcnapi\newerp\Application\Order\Controller\TraceController.class.php 第 133 行.
SQL: SHOW COLUMNS FROM `abnormal_order` [ RunTime:0.0000s ]
SQL: SELECT COUNT(distinct ebay_id) AS tp_count FROM abnormal_order b WHERE ( b.addtime >= '2018-09-27 00:00:00' AND b.addtime <= '2018-09-27 23:59:59'  ) AND `adduser` = '史玉龙' LIMIT 1   [ RunTime:0.0010s ]
INFO: [ view_parse ] --START--
INFO: [ template_filter ] --START--
INFO: Run Behavior\ContentReplaceBehavior [ RunTime:0.000000s ]
INFO: [ template_filter ] --END-- [ RunTime:0.000000s ]
NOTIC: [8] A session had already been started - ignoring session_start() E:\web\erpcnapi\include\config.php 第 2 行.
NOTIC: [8192] mysql_connect(): The mysql extension is deprecated and will be removed in the future: use mysqli or PDO instead E:\web\erpcnapi\include\dbconnect.php 第 10 行.
NOTIC: [8] Undefined variable: appKey E:\web\erpcnapi\include\config.php 第 20 行.
NOTIC: [8] Undefined variable: appKey E:\web\erpcnapi\include\config.php 第 21 行.
NOTIC: [8192] Assigning the return value of new by reference is deprecated E:\web\erpcnapi\include\xmlhandle.php 第 3 行.
NOTIC: [2] mysql_fetch_assoc() expects parameter 1 to be resource, boolean given E:\web\erpcnapi\include\dbconnect.php 第 115 行.
NOTIC: [2] mysql_free_result() expects parameter 1 to be resource, boolean given E:\web\erpcnapi\include\dbconnect.php 第 120 行.
NOTIC: [8] Undefined offset: 0 E:\web\erpcnapi\include\config.php 第 65 行.
NOTIC: [8] Undefined offset: 0 E:\web\erpcnapi\include\config.php 第 66 行.
NOTIC: [8] Undefined offset: 0 E:\web\erpcnapi\include\config.php 第 67 行.
NOTIC: [8] Undefined offset: 0 E:\web\erpcnapi\include\config.php 第 68 行.
NOTIC: [8] Undefined offset: 0 E:\web\erpcnapi\include\config.php 第 69 行.
NOTIC: [8] Undefined offset: 0 E:\web\erpcnapi\include\config.php 第 70 行.
NOTIC: [8] Undefined offset: 0 E:\web\erpcnapi\include\config.php 第 71 行.
NOTIC: [8] Undefined offset: 0 E:\web\erpcnapi\include\config.php 第 72 行.
NOTIC: [8] Undefined offset: 0 E:\web\erpcnapi\include\config.php 第 73 行.
NOTIC: [8] Undefined offset: 0 E:\web\erpcnapi\include\config.php 第 74 行.
NOTIC: [8] Undefined offset: 0 E:\web\erpcnapi\include\config.php 第 75 行.
NOTIC: [8] Undefined offset: 0 E:\web\erpcnapi\include\config.php 第 76 行.
NOTIC: [8] Undefined offset: 0 E:\web\erpcnapi\include\config.php 第 77 行.
NOTIC: [8] Undefined offset: 0 E:\web\erpcnapi\include\config.php 第 78 行.
NOTIC: [8] Undefined offset: 0 E:\web\erpcnapi\include\config.php 第 79 行.
NOTIC: [8] Undefined offset: 0 E:\web\erpcnapi\include\config.php 第 80 行.
NOTIC: [8] Undefined offset: 0 E:\web\erpcnapi\include\config.php 第 81 行.
NOTIC: [8] Undefined offset: 0 E:\web\erpcnapi\include\config.php 第 82 行.
NOTIC: [8] Undefined offset: 0 E:\web\erpcnapi\include\config.php 第 83 行.
NOTIC: [8] Undefined offset: 0 E:\web\erpcnapi\include\config.php 第 84 行.
NOTIC: [8] Undefined offset: 0 E:\web\erpcnapi\include\config.php 第 85 行.
NOTIC: [8] Undefined offset: 0 E:\web\erpcnapi\include\config.php 第 86 行.
NOTIC: [8] Undefined offset: 0 E:\web\erpcnapi\include\config.php 第 87 行.
NOTIC: [8] Undefined offset: 0 E:\web\erpcnapi\include\config.php 第 88 行.
NOTIC: [2] mysql_fetch_assoc() expects parameter 1 to be resource, boolean given E:\web\erpcnapi\include\dbconnect.php 第 115 行.
NOTIC: [2] mysql_free_result() expects parameter 1 to be resource, boolean given E:\web\erpcnapi\include\dbconnect.php 第 120 行.
NOTIC: [8] Undefined index: module E:\web\erpcnapi\top.php 第 31 行.
NOTIC: [8] Undefined index: action E:\web\erpcnapi\top.php 第 32 行.
NOTIC: [8] Undefined index: module E:\web\erpcnapi\top.php 第 219 行.
NOTIC: [8] Undefined variable: vieworderstatusArr E:\web\erpcnapi\top.php 第 240 行.
NOTIC: [2] in_array() expects parameter 2 to be array, null given E:\web\erpcnapi\top.php 第 240 行.
NOTIC: [8] Use of undefined constant msg - assumed 'msg' E:\web\erpcnapi\newerp\Runtime\Cache\Order\8a06b7fdff11023ebbbb6eae16f19764.php 第 100 行.
NOTIC: [8] Undefined offset: 0 E:\web\erpcnapi\newerp\Runtime\Cache\Order\8a06b7fdff11023ebbbb6eae16f19764.php 第 198 行.
NOTIC: [8] Undefined offset: 0 E:\web\erpcnapi\newerp\Runtime\Cache\Order\8a06b7fdff11023ebbbb6eae16f19764.php 第 199 行.
INFO: Run Behavior\ParseTemplateBehavior [ RunTime:0.070004s ]
INFO: [ view_parse ] --END-- [ RunTime:0.070004s ]
INFO: [ view_filter ] --START--
INFO: Run Behavior\WriteHtmlCacheBehavior [ RunTime:0.001000s ]
INFO: [ view_filter ] --END-- [ RunTime:0.001000s ]
INFO: [ app_end ] --START--
INFO: Run Behavior\ShowPageTraceBehavior [ RunTime:0.001000s ]
INFO: [ app_end ] --END-- [ RunTime:0.001000s ]

[ 2018-09-27T09:04:30+08:00 ] 127.0.0.1 /t.php?s=/Order/Trace/index&ebay_addtime_start=2018-09-23+00%3A00%3A00&ebay_addtime_end=2018-09-27+23%3A59%3A59
INFO: [ app_init ] --START--
INFO: Run Behavior\BuildLiteBehavior [ RunTime:0.000000s ]
INFO: [ app_init ] --END-- [ RunTime:0.000000s ]
INFO: [ app_begin ] --START--
INFO: Run Behavior\ReadHtmlCacheBehavior [ RunTime:0.000000s ]
INFO: [ app_begin ] --END-- [ RunTime:0.001000s ]
NOTIC: [8] Undefined index: scanNumber E:\web\erpcnapi\newerp\Application\Order\Controller\TraceController.class.php 第 65 行.
SQL: SHOW COLUMNS FROM `erp_ebay_order` [ RunTime:0.0010s ]
SQL: SHOW COLUMNS FROM `erp_goods_sale_detail` [ RunTime:0.0010s ]
SQL: SHOW COLUMNS FROM `abnormal_order` [ RunTime:0.0000s ]
SQL: SHOW COLUMNS FROM `ebay_account` [ RunTime:0.0010s ]
SQL: SELECT COUNT(distinct ebay_id) AS tp_count FROM abnormal_order b WHERE ( b.addtime >= '2018-09-23 00:00:00' AND b.addtime <= '2018-09-27 23:59:59'  ) LIMIT 1   [ RunTime:0.0000s ]
SQL: SELECT a.ebay_id,a.ebay_status,a.ordertype,a.ebay_tracknumber,a.ebay_carrier,a.orderweight,a.ebay_account,a.ebay_warehouse,a.market FROM abnormal_order b left join erp_ebay_order as a ON b.ebay_id = a.ebay_id  WHERE ( b.addtime >= '2018-09-23 00:00:00' AND b.addtime <= '2018-09-27 23:59:59'  ) GROUP BY ebay_id ORDER BY id desc LIMIT 0,50   [ RunTime:0.0010s ]
NOTIC: [8] Undefined variable: orderData E:\web\erpcnapi\newerp\Application\Order\Controller\TraceController.class.php 第 105 行.
SQL: SELECT `abnormal`,`addtime`,id as abnormal_id FROM `abnormal_order` WHERE `ebay_id` = '17896796' ORDER BY addtime desc LIMIT 1   [ RunTime:0.0010s ]
SQL: SELECT `platform` FROM `ebay_account` WHERE `ebay_account` = 'homegoing_3' LIMIT 1   [ RunTime:0.0000s ]
SQL: SELECT a.sku,a.qty FROM erp_goods_sale_detail a WHERE `ebay_id` = 17896796  [ RunTime:0.0000s ]
SQL: SHOW COLUMNS FROM `erp_ebay_goods` [ RunTime:0.0010s ]
SQL: SHOW COLUMNS FROM `ebay_onhandle_196` [ RunTime:0.0000s ]
SQL: SHOW COLUMNS FROM `internal_store_sku` [ RunTime:0.0010s ]
SQL: SELECT `goods_sn`,`isuse` FROM `erp_ebay_goods` WHERE ( goods_sn='MX53115' and ebay_user='vipadmin' ) LIMIT 1   [ RunTime:0.0010s ]
SQL: SELECT a.goods_id,a.goods_name,a.goods_weight as w,a.goods_aribute as attr,a.goods_length,a.goods_width,a.goods_height,a.goods_cost,b.id,b.weight,b.price FROM erp_ebay_goods a left join erp_ebay_packingmaterial b on a.ebay_packingmaterial=b.model  WHERE ( a.goods_sn='MX53115' and a.ebay_user='vipadmin' ) LIMIT 1   [ RunTime:0.0000s ]
SQL: SELECT `storeid` FROM `internal_store_sku` WHERE `sku` = 'MX53115' ORDER BY storeid  [ RunTime:0.0010s ]
SQL: SHOW COLUMNS FROM `ebay_onhandle_196` [ RunTime:0.0010s ]
SQL: SELECT a.gross_weight as w,a.packingmaterial as pkid,a.average_cost,b.weight,b.price FROM ebay_onhandle_196 a left join ebay_packingmaterial b on a.packingmaterial=b.id  WHERE ( a.goods_sn='MX53115' ) LIMIT 1   [ RunTime:0.0010s ]
SQL: SHOW COLUMNS FROM `ebay_store` [ RunTime:0.0010s ]
SQL: SELECT `id`,`store_name` FROM `ebay_store`  [ RunTime:0.0010s ]
NOTIC: [8] Undefined variable: msg E:\web\erpcnapi\newerp\Application\Order\Controller\TraceController.class.php 第 133 行.
SQL: SHOW COLUMNS FROM `abnormal_order` [ RunTime:0.0010s ]
SQL: SELECT COUNT(distinct ebay_id) AS tp_count FROM abnormal_order b WHERE ( b.addtime >= '2018-09-27 00:00:00' AND b.addtime <= '2018-09-27 23:59:59'  ) AND `adduser` = '史玉龙' LIMIT 1   [ RunTime:0.0000s ]
INFO: [ view_parse ] --START--
INFO: [ template_filter ] --START--
INFO: Run Behavior\ContentReplaceBehavior [ RunTime:0.001000s ]
INFO: [ template_filter ] --END-- [ RunTime:0.001000s ]
NOTIC: [8] A session had already been started - ignoring session_start() E:\web\erpcnapi\include\config.php 第 2 行.
NOTIC: [8192] mysql_connect(): The mysql extension is deprecated and will be removed in the future: use mysqli or PDO instead E:\web\erpcnapi\include\dbconnect.php 第 10 行.
NOTIC: [8] Undefined variable: appKey E:\web\erpcnapi\include\config.php 第 20 行.
NOTIC: [8] Undefined variable: appKey E:\web\erpcnapi\include\config.php 第 21 行.
NOTIC: [8192] Assigning the return value of new by reference is deprecated E:\web\erpcnapi\include\xmlhandle.php 第 3 行.
NOTIC: [2] mysql_fetch_assoc() expects parameter 1 to be resource, boolean given E:\web\erpcnapi\include\dbconnect.php 第 115 行.
NOTIC: [2] mysql_free_result() expects parameter 1 to be resource, boolean given E:\web\erpcnapi\include\dbconnect.php 第 120 行.
NOTIC: [8] Undefined offset: 0 E:\web\erpcnapi\include\config.php 第 65 行.
NOTIC: [8] Undefined offset: 0 E:\web\erpcnapi\include\config.php 第 66 行.
NOTIC: [8] Undefined offset: 0 E:\web\erpcnapi\include\config.php 第 67 行.
NOTIC: [8] Undefined offset: 0 E:\web\erpcnapi\include\config.php 第 68 行.
NOTIC: [8] Undefined offset: 0 E:\web\erpcnapi\include\config.php 第 69 行.
NOTIC: [8] Undefined offset: 0 E:\web\erpcnapi\include\config.php 第 70 行.
NOTIC: [8] Undefined offset: 0 E:\web\erpcnapi\include\config.php 第 71 行.
NOTIC: [8] Undefined offset: 0 E:\web\erpcnapi\include\config.php 第 72 行.
NOTIC: [8] Undefined offset: 0 E:\web\erpcnapi\include\config.php 第 73 行.
NOTIC: [8] Undefined offset: 0 E:\web\erpcnapi\include\config.php 第 74 行.
NOTIC: [8] Undefined offset: 0 E:\web\erpcnapi\include\config.php 第 75 行.
NOTIC: [8] Undefined offset: 0 E:\web\erpcnapi\include\config.php 第 76 行.
NOTIC: [8] Undefined offset: 0 E:\web\erpcnapi\include\config.php 第 77 行.
NOTIC: [8] Undefined offset: 0 E:\web\erpcnapi\include\config.php 第 78 行.
NOTIC: [8] Undefined offset: 0 E:\web\erpcnapi\include\config.php 第 79 行.
NOTIC: [8] Undefined offset: 0 E:\web\erpcnapi\include\config.php 第 80 行.
NOTIC: [8] Undefined offset: 0 E:\web\erpcnapi\include\config.php 第 81 行.
NOTIC: [8] Undefined offset: 0 E:\web\erpcnapi\include\config.php 第 82 行.
NOTIC: [8] Undefined offset: 0 E:\web\erpcnapi\include\config.php 第 83 行.
NOTIC: [8] Undefined offset: 0 E:\web\erpcnapi\include\config.php 第 84 行.
NOTIC: [8] Undefined offset: 0 E:\web\erpcnapi\include\config.php 第 85 行.
NOTIC: [8] Undefined offset: 0 E:\web\erpcnapi\include\config.php 第 86 行.
NOTIC: [8] Undefined offset: 0 E:\web\erpcnapi\include\config.php 第 87 行.
NOTIC: [8] Undefined offset: 0 E:\web\erpcnapi\include\config.php 第 88 行.
NOTIC: [2] mysql_fetch_assoc() expects parameter 1 to be resource, boolean given E:\web\erpcnapi\include\dbconnect.php 第 115 行.
NOTIC: [2] mysql_free_result() expects parameter 1 to be resource, boolean given E:\web\erpcnapi\include\dbconnect.php 第 120 行.
NOTIC: [8] Undefined index: module E:\web\erpcnapi\top.php 第 31 行.
NOTIC: [8] Undefined index: action E:\web\erpcnapi\top.php 第 32 行.
NOTIC: [8] Undefined index: module E:\web\erpcnapi\top.php 第 219 行.
NOTIC: [8] Undefined variable: vieworderstatusArr E:\web\erpcnapi\top.php 第 240 行.
NOTIC: [2] in_array() expects parameter 2 to be array, null given E:\web\erpcnapi\top.php 第 240 行.
NOTIC: [8] Use of undefined constant msg - assumed 'msg' E:\web\erpcnapi\newerp\Runtime\Cache\Order\8a06b7fdff11023ebbbb6eae16f19764.php 第 100 行.
INFO: Run Behavior\ParseTemplateBehavior [ RunTime:0.046003s ]
INFO: [ view_parse ] --END-- [ RunTime:0.046003s ]
INFO: [ view_filter ] --START--
INFO: Run Behavior\WriteHtmlCacheBehavior [ RunTime:0.001000s ]
INFO: [ view_filter ] --END-- [ RunTime:0.001000s ]
INFO: [ app_end ] --START--
INFO: Run Behavior\ShowPageTraceBehavior [ RunTime:0.001000s ]
INFO: [ app_end ] --END-- [ RunTime:0.001000s ]

[ 2018-09-27T11:36:00+08:00 ] 127.0.0.1 /t.php?s=/Order/Trace/index&ebay_addtime_start=2018-09-23+00%3A00%3A00&ebay_addtime_end=2018-09-27+23%3A59%3A59
INFO: [ app_init ] --START--
INFO: Run Behavior\BuildLiteBehavior [ RunTime:0.000000s ]
INFO: [ app_init ] --END-- [ RunTime:0.001000s ]
INFO: [ app_begin ] --START--
INFO: Run Behavior\ReadHtmlCacheBehavior [ RunTime:0.001000s ]
INFO: [ app_begin ] --END-- [ RunTime:0.001000s ]
NOTIC: [8] Undefined index: scanNumber E:\web\erpcnapi\newerp\Application\Order\Controller\TraceController.class.php 第 65 行.
SQL: SHOW COLUMNS FROM `erp_ebay_order` [ RunTime:0.0010s ]
SQL: SHOW COLUMNS FROM `erp_goods_sale_detail` [ RunTime:0.0010s ]
SQL: SHOW COLUMNS FROM `abnormal_order` [ RunTime:0.0010s ]
SQL: SHOW COLUMNS FROM `ebay_account` [ RunTime:0.0010s ]
SQL: SELECT COUNT(distinct ebay_id) AS tp_count FROM abnormal_order b WHERE ( b.addtime >= '2018-09-23 00:00:00' AND b.addtime <= '2018-09-27 23:59:59'  ) LIMIT 1   [ RunTime:0.0010s ]
SQL: SELECT a.ebay_id,a.ebay_status,a.ordertype,a.ebay_tracknumber,a.ebay_carrier,a.orderweight,a.ebay_account,a.ebay_warehouse,a.market FROM abnormal_order b left join erp_ebay_order as a ON b.ebay_id = a.ebay_id  WHERE ( b.addtime >= '2018-09-23 00:00:00' AND b.addtime <= '2018-09-27 23:59:59'  ) GROUP BY ebay_id ORDER BY id desc LIMIT 0,50   [ RunTime:0.0000s ]
NOTIC: [8] Undefined variable: orderData E:\web\erpcnapi\newerp\Application\Order\Controller\TraceController.class.php 第 105 行.
SQL: SELECT `abnormal`,`addtime`,id as abnormal_id FROM `abnormal_order` WHERE `ebay_id` = '17896796' ORDER BY addtime desc LIMIT 1   [ RunTime:0.0010s ]
SQL: SELECT `platform` FROM `ebay_account` WHERE `ebay_account` = 'homegoing_3' LIMIT 1   [ RunTime:0.0000s ]
SQL: SELECT a.sku,a.qty FROM erp_goods_sale_detail a WHERE `ebay_id` = 17896796  [ RunTime:0.0000s ]
SQL: SHOW COLUMNS FROM `erp_ebay_goods` [ RunTime:0.0010s ]
SQL: SHOW COLUMNS FROM `ebay_onhandle_196` [ RunTime:0.0010s ]
SQL: SHOW COLUMNS FROM `internal_store_sku` [ RunTime:0.0010s ]
SQL: SELECT `goods_sn`,`isuse` FROM `erp_ebay_goods` WHERE ( goods_sn='MX53115' and ebay_user='vipadmin' ) LIMIT 1   [ RunTime:0.0010s ]
SQL: SELECT a.goods_id,a.goods_name,a.goods_weight as w,a.goods_aribute as attr,a.goods_length,a.goods_width,a.goods_height,a.goods_cost,b.id,b.weight,b.price FROM erp_ebay_goods a left join erp_ebay_packingmaterial b on a.ebay_packingmaterial=b.model  WHERE ( a.goods_sn='MX53115' and a.ebay_user='vipadmin' ) LIMIT 1   [ RunTime:0.0010s ]
SQL: SELECT `storeid` FROM `internal_store_sku` WHERE `sku` = 'MX53115' ORDER BY storeid  [ RunTime:0.0010s ]
SQL: SHOW COLUMNS FROM `ebay_onhandle_196` [ RunTime:0.0010s ]
SQL: SELECT a.gross_weight as w,a.packingmaterial as pkid,a.average_cost,b.weight,b.price FROM ebay_onhandle_196 a left join ebay_packingmaterial b on a.packingmaterial=b.id  WHERE ( a.goods_sn='MX53115' ) LIMIT 1   [ RunTime:0.0000s ]
SQL: SHOW COLUMNS FROM `ebay_store` [ RunTime:0.0020s ]
SQL: SELECT `id`,`store_name` FROM `ebay_store`  [ RunTime:0.0000s ]
NOTIC: [8] Undefined variable: msg E:\web\erpcnapi\newerp\Application\Order\Controller\TraceController.class.php 第 133 行.
SQL: SHOW COLUMNS FROM `abnormal_order` [ RunTime:0.0010s ]
SQL: SELECT COUNT(distinct ebay_id) AS tp_count FROM abnormal_order b WHERE ( b.addtime >= '2018-09-27 00:00:00' AND b.addtime <= '2018-09-27 23:59:59'  ) AND `adduser` = '史玉龙' LIMIT 1   [ RunTime:0.0010s ]
INFO: [ view_parse ] --START--
INFO: [ template_filter ] --START--
INFO: Run Behavior\ContentReplaceBehavior [ RunTime:0.000000s ]
INFO: [ template_filter ] --END-- [ RunTime:0.000000s ]
NOTIC: [8] A session had already been started - ignoring session_start() E:\web\erpcnapi\include\config.php 第 2 行.
NOTIC: [8192] mysql_connect(): The mysql extension is deprecated and will be removed in the future: use mysqli or PDO instead E:\web\erpcnapi\include\dbconnect.php 第 10 行.
NOTIC: [8] Undefined variable: appKey E:\web\erpcnapi\include\config.php 第 20 行.
NOTIC: [8] Undefined variable: appKey E:\web\erpcnapi\include\config.php 第 21 行.
NOTIC: [8192] Assigning the return value of new by reference is deprecated E:\web\erpcnapi\include\xmlhandle.php 第 3 行.
NOTIC: [2] mysql_fetch_assoc() expects parameter 1 to be resource, boolean given E:\web\erpcnapi\include\dbconnect.php 第 115 行.
NOTIC: [2] mysql_free_result() expects parameter 1 to be resource, boolean given E:\web\erpcnapi\include\dbconnect.php 第 120 行.
NOTIC: [8] Undefined offset: 0 E:\web\erpcnapi\include\config.php 第 65 行.
NOTIC: [8] Undefined offset: 0 E:\web\erpcnapi\include\config.php 第 66 行.
NOTIC: [8] Undefined offset: 0 E:\web\erpcnapi\include\config.php 第 67 行.
NOTIC: [8] Undefined offset: 0 E:\web\erpcnapi\include\config.php 第 68 行.
NOTIC: [8] Undefined offset: 0 E:\web\erpcnapi\include\config.php 第 69 行.
NOTIC: [8] Undefined offset: 0 E:\web\erpcnapi\include\config.php 第 70 行.
NOTIC: [8] Undefined offset: 0 E:\web\erpcnapi\include\config.php 第 71 行.
NOTIC: [8] Undefined offset: 0 E:\web\erpcnapi\include\config.php 第 72 行.
NOTIC: [8] Undefined offset: 0 E:\web\erpcnapi\include\config.php 第 73 行.
NOTIC: [8] Undefined offset: 0 E:\web\erpcnapi\include\config.php 第 74 行.
NOTIC: [8] Undefined offset: 0 E:\web\erpcnapi\include\config.php 第 75 行.
NOTIC: [8] Undefined offset: 0 E:\web\erpcnapi\include\config.php 第 76 行.
NOTIC: [8] Undefined offset: 0 E:\web\erpcnapi\include\config.php 第 77 行.
NOTIC: [8] Undefined offset: 0 E:\web\erpcnapi\include\config.php 第 78 行.
NOTIC: [8] Undefined offset: 0 E:\web\erpcnapi\include\config.php 第 79 行.
NOTIC: [8] Undefined offset: 0 E:\web\erpcnapi\include\config.php 第 80 行.
NOTIC: [8] Undefined offset: 0 E:\web\erpcnapi\include\config.php 第 81 行.
NOTIC: [8] Undefined offset: 0 E:\web\erpcnapi\include\config.php 第 82 行.
NOTIC: [8] Undefined offset: 0 E:\web\erpcnapi\include\config.php 第 83 行.
NOTIC: [8] Undefined offset: 0 E:\web\erpcnapi\include\config.php 第 84 行.
NOTIC: [8] Undefined offset: 0 E:\web\erpcnapi\include\config.php 第 85 行.
NOTIC: [8] Undefined offset: 0 E:\web\erpcnapi\include\config.php 第 86 行.
NOTIC: [8] Undefined offset: 0 E:\web\erpcnapi\include\config.php 第 87 行.
NOTIC: [8] Undefined offset: 0 E:\web\erpcnapi\include\config.php 第 88 行.
NOTIC: [2] mysql_fetch_assoc() expects parameter 1 to be resource, boolean given E:\web\erpcnapi\include\dbconnect.php 第 115 行.
NOTIC: [2] mysql_free_result() expects parameter 1 to be resource, boolean given E:\web\erpcnapi\include\dbconnect.php 第 120 行.
NOTIC: [8] Undefined index: module E:\web\erpcnapi\top.php 第 31 行.
NOTIC: [8] Undefined index: action E:\web\erpcnapi\top.php 第 32 行.
NOTIC: [8] Undefined index: module E:\web\erpcnapi\top.php 第 219 行.
NOTIC: [8] Undefined variable: vieworderstatusArr E:\web\erpcnapi\top.php 第 240 行.
NOTIC: [2] in_array() expects parameter 2 to be array, null given E:\web\erpcnapi\top.php 第 240 行.
NOTIC: [8] Use of undefined constant msg - assumed 'msg' E:\web\erpcnapi\newerp\Runtime\Cache\Order\8a06b7fdff11023ebbbb6eae16f19764.php 第 100 行.
INFO: Run Behavior\ParseTemplateBehavior [ RunTime:0.046002s ]
INFO: [ view_parse ] --END-- [ RunTime:0.046002s ]
INFO: [ view_filter ] --START--
INFO: Run Behavior\WriteHtmlCacheBehavior [ RunTime:0.000000s ]
INFO: [ view_filter ] --END-- [ RunTime:0.000000s ]
INFO: [ app_end ] --START--
INFO: Run Behavior\ShowPageTraceBehavior [ RunTime:0.001000s ]
INFO: [ app_end ] --END-- [ RunTime:0.001000s ]

[ 2018-09-27T11:36:18+08:00 ] 127.0.0.1 /t.php?s=/Order/Trace/updateWeight
INFO: [ app_init ] --START--
INFO: Run Behavior\BuildLiteBehavior [ RunTime:0.000000s ]
INFO: [ app_init ] --END-- [ RunTime:0.001000s ]
INFO: [ app_begin ] --START--
INFO: Run Behavior\ReadHtmlCacheBehavior [ RunTime:0.001000s ]
INFO: [ app_begin ] --END-- [ RunTime:0.001000s ]
SQL: SHOW COLUMNS FROM `sku_weight_change` [ RunTime:0.0000s ]
SQL: SHOW COLUMNS FROM `erp_ebay_goods` [ RunTime:0.0020s ]
SQL: SELECT `goods_weight` FROM `erp_ebay_goods` WHERE ( goods_sn='MX53115' and ebay_user='vipadmin' ) LIMIT 1   [ RunTime:0.0080s ]
SQL: UPDATE `erp_ebay_goods` SET `goods_weight`='3' WHERE ( goods_sn='MX53115' and ebay_user='vipadmin' ) [ RunTime:0.0870s ]
SQL: INSERT INTO `sku_weight_change` (`ebay_id`,`sku`,`weight`,`abnormal_id`,`adduser`,`addtime`,`note`) VALUES ('17896796','MX53115','3000','1','史玉龙','2018-09-27 11:36:18','修改前0.2kg，修改后3kg，差值2.8kg') [ RunTime:0.0010s ]

[ 2018-09-27T11:36:19+08:00 ] 127.0.0.1 /t.php?s=/Order/Trace/index&ebay_addtime_start=2018-09-23+00%3A00%3A00&ebay_addtime_end=2018-09-27+23%3A59%3A59
INFO: [ app_init ] --START--
INFO: Run Behavior\BuildLiteBehavior [ RunTime:0.000000s ]
INFO: [ app_init ] --END-- [ RunTime:0.000000s ]
INFO: [ app_begin ] --START--
INFO: Run Behavior\ReadHtmlCacheBehavior [ RunTime:0.000000s ]
INFO: [ app_begin ] --END-- [ RunTime:0.000000s ]
NOTIC: [8] Undefined index: scanNumber E:\web\erpcnapi\newerp\Application\Order\Controller\TraceController.class.php 第 65 行.
SQL: SHOW COLUMNS FROM `erp_ebay_order` [ RunTime:0.0010s ]
SQL: SHOW COLUMNS FROM `erp_goods_sale_detail` [ RunTime:0.0010s ]
SQL: SHOW COLUMNS FROM `abnormal_order` [ RunTime:0.0000s ]
SQL: SHOW COLUMNS FROM `ebay_account` [ RunTime:0.0020s ]
SQL: SELECT COUNT(distinct ebay_id) AS tp_count FROM abnormal_order b WHERE ( b.addtime >= '2018-09-23 00:00:00' AND b.addtime <= '2018-09-27 23:59:59'  ) LIMIT 1   [ RunTime:0.0000s ]
SQL: SELECT a.ebay_id,a.ebay_status,a.ordertype,a.ebay_tracknumber,a.ebay_carrier,a.orderweight,a.ebay_account,a.ebay_warehouse,a.market FROM abnormal_order b left join erp_ebay_order as a ON b.ebay_id = a.ebay_id  WHERE ( b.addtime >= '2018-09-23 00:00:00' AND b.addtime <= '2018-09-27 23:59:59'  ) GROUP BY ebay_id ORDER BY id desc LIMIT 0,50   [ RunTime:0.0010s ]
NOTIC: [8] Undefined variable: orderData E:\web\erpcnapi\newerp\Application\Order\Controller\TraceController.class.php 第 105 行.
SQL: SELECT `abnormal`,`addtime`,id as abnormal_id FROM `abnormal_order` WHERE `ebay_id` = '17896796' ORDER BY addtime desc LIMIT 1   [ RunTime:0.0000s ]
SQL: SELECT `platform` FROM `ebay_account` WHERE `ebay_account` = 'homegoing_3' LIMIT 1   [ RunTime:0.0000s ]
SQL: SELECT a.sku,a.qty FROM erp_goods_sale_detail a WHERE `ebay_id` = 17896796  [ RunTime:0.0000s ]
SQL: SHOW COLUMNS FROM `erp_ebay_goods` [ RunTime:0.0020s ]
SQL: SHOW COLUMNS FROM `ebay_onhandle_196` [ RunTime:0.0000s ]
SQL: SHOW COLUMNS FROM `internal_store_sku` [ RunTime:0.0010s ]
SQL: SELECT `goods_sn`,`isuse` FROM `erp_ebay_goods` WHERE ( goods_sn='MX53115' and ebay_user='vipadmin' ) LIMIT 1   [ RunTime:0.0010s ]
SQL: SELECT a.goods_id,a.goods_name,a.goods_weight as w,a.goods_aribute as attr,a.goods_length,a.goods_width,a.goods_height,a.goods_cost,b.id,b.weight,b.price FROM erp_ebay_goods a left join erp_ebay_packingmaterial b on a.ebay_packingmaterial=b.model  WHERE ( a.goods_sn='MX53115' and a.ebay_user='vipadmin' ) LIMIT 1   [ RunTime:0.0010s ]
SQL: SELECT `storeid` FROM `internal_store_sku` WHERE `sku` = 'MX53115' ORDER BY storeid  [ RunTime:0.0000s ]
SQL: SHOW COLUMNS FROM `ebay_onhandle_196` [ RunTime:0.0010s ]
SQL: SELECT a.gross_weight as w,a.packingmaterial as pkid,a.average_cost,b.weight,b.price FROM ebay_onhandle_196 a left join ebay_packingmaterial b on a.packingmaterial=b.id  WHERE ( a.goods_sn='MX53115' ) LIMIT 1   [ RunTime:0.0010s ]
SQL: SHOW COLUMNS FROM `ebay_store` [ RunTime:0.0000s ]
SQL: SELECT `id`,`store_name` FROM `ebay_store`  [ RunTime:0.0000s ]
NOTIC: [8] Undefined variable: msg E:\web\erpcnapi\newerp\Application\Order\Controller\TraceController.class.php 第 133 行.
SQL: SHOW COLUMNS FROM `abnormal_order` [ RunTime:0.0010s ]
SQL: SELECT COUNT(distinct ebay_id) AS tp_count FROM abnormal_order b WHERE ( b.addtime >= '2018-09-27 00:00:00' AND b.addtime <= '2018-09-27 23:59:59'  ) AND `adduser` = '史玉龙' LIMIT 1   [ RunTime:0.0000s ]
INFO: [ view_parse ] --START--
INFO: [ template_filter ] --START--
INFO: Run Behavior\ContentReplaceBehavior [ RunTime:0.000000s ]
INFO: [ template_filter ] --END-- [ RunTime:0.000000s ]
NOTIC: [8] A session had already been started - ignoring session_start() E:\web\erpcnapi\include\config.php 第 2 行.
NOTIC: [8192] mysql_connect(): The mysql extension is deprecated and will be removed in the future: use mysqli or PDO instead E:\web\erpcnapi\include\dbconnect.php 第 10 行.
NOTIC: [8] Undefined variable: appKey E:\web\erpcnapi\include\config.php 第 20 行.
NOTIC: [8] Undefined variable: appKey E:\web\erpcnapi\include\config.php 第 21 行.
NOTIC: [8192] Assigning the return value of new by reference is deprecated E:\web\erpcnapi\include\xmlhandle.php 第 3 行.
NOTIC: [2] mysql_fetch_assoc() expects parameter 1 to be resource, boolean given E:\web\erpcnapi\include\dbconnect.php 第 115 行.
NOTIC: [2] mysql_free_result() expects parameter 1 to be resource, boolean given E:\web\erpcnapi\include\dbconnect.php 第 120 行.
NOTIC: [8] Undefined offset: 0 E:\web\erpcnapi\include\config.php 第 65 行.
NOTIC: [8] Undefined offset: 0 E:\web\erpcnapi\include\config.php 第 66 行.
NOTIC: [8] Undefined offset: 0 E:\web\erpcnapi\include\config.php 第 67 行.
NOTIC: [8] Undefined offset: 0 E:\web\erpcnapi\include\config.php 第 68 行.
NOTIC: [8] Undefined offset: 0 E:\web\erpcnapi\include\config.php 第 69 行.
NOTIC: [8] Undefined offset: 0 E:\web\erpcnapi\include\config.php 第 70 行.
NOTIC: [8] Undefined offset: 0 E:\web\erpcnapi\include\config.php 第 71 行.
NOTIC: [8] Undefined offset: 0 E:\web\erpcnapi\include\config.php 第 72 行.
NOTIC: [8] Undefined offset: 0 E:\web\erpcnapi\include\config.php 第 73 行.
NOTIC: [8] Undefined offset: 0 E:\web\erpcnapi\include\config.php 第 74 行.
NOTIC: [8] Undefined offset: 0 E:\web\erpcnapi\include\config.php 第 75 行.
NOTIC: [8] Undefined offset: 0 E:\web\erpcnapi\include\config.php 第 76 行.
NOTIC: [8] Undefined offset: 0 E:\web\erpcnapi\include\config.php 第 77 行.
NOTIC: [8] Undefined offset: 0 E:\web\erpcnapi\include\config.php 第 78 行.
NOTIC: [8] Undefined offset: 0 E:\web\erpcnapi\include\config.php 第 79 行.
NOTIC: [8] Undefined offset: 0 E:\web\erpcnapi\include\config.php 第 80 行.
NOTIC: [8] Undefined offset: 0 E:\web\erpcnapi\include\config.php 第 81 行.
NOTIC: [8] Undefined offset: 0 E:\web\erpcnapi\include\config.php 第 82 行.
NOTIC: [8] Undefined offset: 0 E:\web\erpcnapi\include\config.php 第 83 行.
NOTIC: [8] Undefined offset: 0 E:\web\erpcnapi\include\config.php 第 84 行.
NOTIC: [8] Undefined offset: 0 E:\web\erpcnapi\include\config.php 第 85 行.
NOTIC: [8] Undefined offset: 0 E:\web\erpcnapi\include\config.php 第 86 行.
NOTIC: [8] Undefined offset: 0 E:\web\erpcnapi\include\config.php 第 87 行.
NOTIC: [8] Undefined offset: 0 E:\web\erpcnapi\include\config.php 第 88 行.
NOTIC: [2] mysql_fetch_assoc() expects parameter 1 to be resource, boolean given E:\web\erpcnapi\include\dbconnect.php 第 115 行.
NOTIC: [2] mysql_free_result() expects parameter 1 to be resource, boolean given E:\web\erpcnapi\include\dbconnect.php 第 120 行.
NOTIC: [8] Undefined index: module E:\web\erpcnapi\top.php 第 31 行.
NOTIC: [8] Undefined index: action E:\web\erpcnapi\top.php 第 32 行.
NOTIC: [8] Undefined index: module E:\web\erpcnapi\top.php 第 219 行.
NOTIC: [8] Undefined variable: vieworderstatusArr E:\web\erpcnapi\top.php 第 240 行.
NOTIC: [2] in_array() expects parameter 2 to be array, null given E:\web\erpcnapi\top.php 第 240 行.
NOTIC: [8] Use of undefined constant msg - assumed 'msg' E:\web\erpcnapi\newerp\Runtime\Cache\Order\8a06b7fdff11023ebbbb6eae16f19764.php 第 100 行.
INFO: Run Behavior\ParseTemplateBehavior [ RunTime:0.046003s ]
INFO: [ view_parse ] --END-- [ RunTime:0.046003s ]
INFO: [ view_filter ] --START--
INFO: Run Behavior\WriteHtmlCacheBehavior [ RunTime:0.001000s ]
INFO: [ view_filter ] --END-- [ RunTime:0.001000s ]
INFO: [ app_end ] --START--
INFO: Run Behavior\ShowPageTraceBehavior [ RunTime:0.001000s ]
INFO: [ app_end ] --END-- [ RunTime:0.001000s ]

[ 2018-09-27T11:36:40+08:00 ] 127.0.0.1 /t.php?s=/Order/Trace/updateWeight/sku/MX53115.html
INFO: [ app_init ] --START--
INFO: Run Behavior\BuildLiteBehavior [ RunTime:0.000000s ]
INFO: [ app_init ] --END-- [ RunTime:0.001000s ]
INFO: [ app_begin ] --START--
INFO: Run Behavior\ReadHtmlCacheBehavior [ RunTime:0.001000s ]
INFO: [ app_begin ] --END-- [ RunTime:0.002000s ]
SQL: SHOW COLUMNS FROM `sku_weight_change` [ RunTime:0.0010s ]
SQL: SELECT * FROM `sku_weight_change` WHERE `sku` = 'MX53115' ORDER BY id desc  [ RunTime:0.0010s ]
INFO: [ view_parse ] --START--
INFO: [ template_filter ] --START--
INFO: Run Behavior\ContentReplaceBehavior [ RunTime:0.000000s ]
INFO: [ template_filter ] --END-- [ RunTime:0.000000s ]
INFO: Run Behavior\ParseTemplateBehavior [ RunTime:0.008000s ]
INFO: [ view_parse ] --END-- [ RunTime:0.008000s ]
INFO: [ view_filter ] --START--
INFO: Run Behavior\WriteHtmlCacheBehavior [ RunTime:0.000000s ]
INFO: [ view_filter ] --END-- [ RunTime:0.000000s ]
INFO: [ app_end ] --START--
INFO: Run Behavior\ShowPageTraceBehavior [ RunTime:0.001000s ]
INFO: [ app_end ] --END-- [ RunTime:0.001000s ]

[ 2018-09-27T11:38:42+08:00 ] 127.0.0.1 /t.php?s=/Order/Trace/updateWeight
INFO: [ app_init ] --START--
INFO: Run Behavior\BuildLiteBehavior [ RunTime:0.000000s ]
INFO: [ app_init ] --END-- [ RunTime:0.001000s ]
INFO: [ app_begin ] --START--
INFO: Run Behavior\ReadHtmlCacheBehavior [ RunTime:0.000000s ]
INFO: [ app_begin ] --END-- [ RunTime:0.000000s ]
SQL: SHOW COLUMNS FROM `sku_weight_change` [ RunTime:0.0000s ]
SQL: SHOW COLUMNS FROM `erp_ebay_goods` [ RunTime:0.0030s ]
SQL: SELECT `goods_weight` FROM `erp_ebay_goods` WHERE ( goods_sn='MX53115' and ebay_user='vipadmin' ) LIMIT 1   [ RunTime:0.0000s ]
SQL: UPDATE `erp_ebay_goods` SET `goods_weight`='1' WHERE ( goods_sn='MX53115' and ebay_user='vipadmin' ) [ RunTime:0.0010s ]
SQL: INSERT INTO `sku_weight_change` (`ebay_id`,`sku`,`weight`,`abnormal_id`,`adduser`,`addtime`,`note`) VALUES ('17896796','MX53115','1000','1','史玉龙','2018-09-27 11:38:42','修改前3kg，修改后1kg，差值2kg') [ RunTime:0.0010s ]

[ 2018-09-27T11:38:43+08:00 ] 127.0.0.1 /t.php?s=/Order/Trace/index&ebay_addtime_start=2018-09-23+00%3A00%3A00&ebay_addtime_end=2018-09-27+23%3A59%3A59
INFO: [ app_init ] --START--
INFO: Run Behavior\BuildLiteBehavior [ RunTime:0.000000s ]
INFO: [ app_init ] --END-- [ RunTime:0.000000s ]
INFO: [ app_begin ] --START--
INFO: Run Behavior\ReadHtmlCacheBehavior [ RunTime:0.001000s ]
INFO: [ app_begin ] --END-- [ RunTime:0.001000s ]
NOTIC: [8] Undefined index: scanNumber E:\web\erpcnapi\newerp\Application\Order\Controller\TraceController.class.php 第 65 行.
SQL: SHOW COLUMNS FROM `erp_ebay_order` [ RunTime:0.0010s ]
SQL: SHOW COLUMNS FROM `erp_goods_sale_detail` [ RunTime:0.0010s ]
SQL: SHOW COLUMNS FROM `abnormal_order` [ RunTime:0.0010s ]
SQL: SHOW COLUMNS FROM `ebay_account` [ RunTime:0.0010s ]
SQL: SELECT COUNT(distinct ebay_id) AS tp_count FROM abnormal_order b WHERE ( b.addtime >= '2018-09-23 00:00:00' AND b.addtime <= '2018-09-27 23:59:59'  ) LIMIT 1   [ RunTime:0.0000s ]
SQL: SELECT a.ebay_id,a.ebay_status,a.ordertype,a.ebay_tracknumber,a.ebay_carrier,a.orderweight,a.ebay_account,a.ebay_warehouse,a.market FROM abnormal_order b left join erp_ebay_order as a ON b.ebay_id = a.ebay_id  WHERE ( b.addtime >= '2018-09-23 00:00:00' AND b.addtime <= '2018-09-27 23:59:59'  ) GROUP BY ebay_id ORDER BY id desc LIMIT 0,50   [ RunTime:0.0010s ]
NOTIC: [8] Undefined variable: orderData E:\web\erpcnapi\newerp\Application\Order\Controller\TraceController.class.php 第 105 行.
SQL: SELECT `abnormal`,`addtime`,id as abnormal_id FROM `abnormal_order` WHERE `ebay_id` = '17896796' ORDER BY addtime desc LIMIT 1   [ RunTime:0.0010s ]
SQL: SELECT `platform` FROM `ebay_account` WHERE `ebay_account` = 'homegoing_3' LIMIT 1   [ RunTime:0.0000s ]
SQL: SELECT a.sku,a.qty FROM erp_goods_sale_detail a WHERE `ebay_id` = 17896796  [ RunTime:0.0010s ]
SQL: SHOW COLUMNS FROM `erp_ebay_goods` [ RunTime:0.0010s ]
SQL: SHOW COLUMNS FROM `ebay_onhandle_196` [ RunTime:0.0010s ]
SQL: SHOW COLUMNS FROM `internal_store_sku` [ RunTime:0.0010s ]
SQL: SELECT `goods_sn`,`isuse` FROM `erp_ebay_goods` WHERE ( goods_sn='MX53115' and ebay_user='vipadmin' ) LIMIT 1   [ RunTime:0.0000s ]
SQL: SELECT a.goods_id,a.goods_name,a.goods_weight as w,a.goods_aribute as attr,a.goods_length,a.goods_width,a.goods_height,a.goods_cost,b.id,b.weight,b.price FROM erp_ebay_goods a left join erp_ebay_packingmaterial b on a.ebay_packingmaterial=b.model  WHERE ( a.goods_sn='MX53115' and a.ebay_user='vipadmin' ) LIMIT 1   [ RunTime:0.0010s ]
SQL: SELECT `storeid` FROM `internal_store_sku` WHERE `sku` = 'MX53115' ORDER BY storeid  [ RunTime:0.0010s ]
SQL: SHOW COLUMNS FROM `ebay_onhandle_196` [ RunTime:0.0010s ]
SQL: SELECT a.gross_weight as w,a.packingmaterial as pkid,a.average_cost,b.weight,b.price FROM ebay_onhandle_196 a left join ebay_packingmaterial b on a.packingmaterial=b.id  WHERE ( a.goods_sn='MX53115' ) LIMIT 1   [ RunTime:0.0000s ]
SQL: SHOW COLUMNS FROM `ebay_store` [ RunTime:0.0010s ]
SQL: SELECT `id`,`store_name` FROM `ebay_store`  [ RunTime:0.0000s ]
NOTIC: [8] Undefined variable: msg E:\web\erpcnapi\newerp\Application\Order\Controller\TraceController.class.php 第 133 行.
SQL: SHOW COLUMNS FROM `abnormal_order` [ RunTime:0.0000s ]
SQL: SELECT COUNT(distinct ebay_id) AS tp_count FROM abnormal_order b WHERE ( b.addtime >= '2018-09-27 00:00:00' AND b.addtime <= '2018-09-27 23:59:59'  ) AND `adduser` = '史玉龙' LIMIT 1   [ RunTime:0.0010s ]
INFO: [ view_parse ] --START--
INFO: [ template_filter ] --START--
INFO: Run Behavior\ContentReplaceBehavior [ RunTime:0.000000s ]
INFO: [ template_filter ] --END-- [ RunTime:0.000000s ]
NOTIC: [8] A session had already been started - ignoring session_start() E:\web\erpcnapi\include\config.php 第 2 行.
NOTIC: [8192] mysql_connect(): The mysql extension is deprecated and will be removed in the future: use mysqli or PDO instead E:\web\erpcnapi\include\dbconnect.php 第 10 行.
NOTIC: [8] Undefined variable: appKey E:\web\erpcnapi\include\config.php 第 20 行.
NOTIC: [8] Undefined variable: appKey E:\web\erpcnapi\include\config.php 第 21 行.
NOTIC: [8192] Assigning the return value of new by reference is deprecated E:\web\erpcnapi\include\xmlhandle.php 第 3 行.
NOTIC: [2] mysql_fetch_assoc() expects parameter 1 to be resource, boolean given E:\web\erpcnapi\include\dbconnect.php 第 115 行.
NOTIC: [2] mysql_free_result() expects parameter 1 to be resource, boolean given E:\web\erpcnapi\include\dbconnect.php 第 120 行.
NOTIC: [8] Undefined offset: 0 E:\web\erpcnapi\include\config.php 第 65 行.
NOTIC: [8] Undefined offset: 0 E:\web\erpcnapi\include\config.php 第 66 行.
NOTIC: [8] Undefined offset: 0 E:\web\erpcnapi\include\config.php 第 67 行.
NOTIC: [8] Undefined offset: 0 E:\web\erpcnapi\include\config.php 第 68 行.
NOTIC: [8] Undefined offset: 0 E:\web\erpcnapi\include\config.php 第 69 行.
NOTIC: [8] Undefined offset: 0 E:\web\erpcnapi\include\config.php 第 70 行.
NOTIC: [8] Undefined offset: 0 E:\web\erpcnapi\include\config.php 第 71 行.
NOTIC: [8] Undefined offset: 0 E:\web\erpcnapi\include\config.php 第 72 行.
NOTIC: [8] Undefined offset: 0 E:\web\erpcnapi\include\config.php 第 73 行.
NOTIC: [8] Undefined offset: 0 E:\web\erpcnapi\include\config.php 第 74 行.
NOTIC: [8] Undefined offset: 0 E:\web\erpcnapi\include\config.php 第 75 行.
NOTIC: [8] Undefined offset: 0 E:\web\erpcnapi\include\config.php 第 76 行.
NOTIC: [8] Undefined offset: 0 E:\web\erpcnapi\include\config.php 第 77 行.
NOTIC: [8] Undefined offset: 0 E:\web\erpcnapi\include\config.php 第 78 行.
NOTIC: [8] Undefined offset: 0 E:\web\erpcnapi\include\config.php 第 79 行.
NOTIC: [8] Undefined offset: 0 E:\web\erpcnapi\include\config.php 第 80 行.
NOTIC: [8] Undefined offset: 0 E:\web\erpcnapi\include\config.php 第 81 行.
NOTIC: [8] Undefined offset: 0 E:\web\erpcnapi\include\config.php 第 82 行.
NOTIC: [8] Undefined offset: 0 E:\web\erpcnapi\include\config.php 第 83 行.
NOTIC: [8] Undefined offset: 0 E:\web\erpcnapi\include\config.php 第 84 行.
NOTIC: [8] Undefined offset: 0 E:\web\erpcnapi\include\config.php 第 85 行.
NOTIC: [8] Undefined offset: 0 E:\web\erpcnapi\include\config.php 第 86 行.
NOTIC: [8] Undefined offset: 0 E:\web\erpcnapi\include\config.php 第 87 行.
NOTIC: [8] Undefined offset: 0 E:\web\erpcnapi\include\config.php 第 88 行.
NOTIC: [2] mysql_fetch_assoc() expects parameter 1 to be resource, boolean given E:\web\erpcnapi\include\dbconnect.php 第 115 行.
NOTIC: [2] mysql_free_result() expects parameter 1 to be resource, boolean given E:\web\erpcnapi\include\dbconnect.php 第 120 行.
NOTIC: [8] Undefined index: module E:\web\erpcnapi\top.php 第 31 行.
NOTIC: [8] Undefined index: action E:\web\erpcnapi\top.php 第 32 行.
NOTIC: [8] Undefined index: module E:\web\erpcnapi\top.php 第 219 行.
NOTIC: [8] Undefined variable: vieworderstatusArr E:\web\erpcnapi\top.php 第 240 行.
NOTIC: [2] in_array() expects parameter 2 to be array, null given E:\web\erpcnapi\top.php 第 240 行.
NOTIC: [8] Use of undefined constant msg - assumed 'msg' E:\web\erpcnapi\newerp\Runtime\Cache\Order\8a06b7fdff11023ebbbb6eae16f19764.php 第 100 行.
INFO: Run Behavior\ParseTemplateBehavior [ RunTime:0.046002s ]
INFO: [ view_parse ] --END-- [ RunTime:0.046002s ]
INFO: [ view_filter ] --START--
INFO: Run Behavior\WriteHtmlCacheBehavior [ RunTime:0.000000s ]
INFO: [ view_filter ] --END-- [ RunTime:0.000000s ]
INFO: [ app_end ] --START--
INFO: Run Behavior\ShowPageTraceBehavior [ RunTime:0.000000s ]
INFO: [ app_end ] --END-- [ RunTime:0.000000s ]

[ 2018-09-27T11:43:15+08:00 ] 127.0.0.1 /t.php?s=/Order/Trace/index&ebay_addtime_start=2018-09-23+00%3A00%3A00&ebay_addtime_end=2018-09-27+23%3A59%3A59
INFO: [ app_init ] --START--
INFO: Run Behavior\BuildLiteBehavior [ RunTime:0.000000s ]
INFO: [ app_init ] --END-- [ RunTime:0.000000s ]
INFO: [ app_begin ] --START--
INFO: Run Behavior\ReadHtmlCacheBehavior [ RunTime:0.001000s ]
INFO: [ app_begin ] --END-- [ RunTime:0.001000s ]
NOTIC: [8] Undefined index: scanNumber E:\web\erpcnapi\newerp\Application\Order\Controller\TraceController.class.php 第 65 行.
SQL: SHOW COLUMNS FROM `erp_ebay_order` [ RunTime:0.0020s ]
SQL: SHOW COLUMNS FROM `erp_goods_sale_detail` [ RunTime:0.0010s ]
SQL: SHOW COLUMNS FROM `abnormal_order` [ RunTime:0.0010s ]
SQL: SHOW COLUMNS FROM `ebay_account` [ RunTime:0.0010s ]
SQL: SELECT COUNT(distinct ebay_id) AS tp_count FROM abnormal_order b WHERE ( b.addtime >= '2018-09-23 00:00:00' AND b.addtime <= '2018-09-27 23:59:59'  ) LIMIT 1   [ RunTime:0.0010s ]
SQL: SELECT a.ebay_id,a.ebay_status,a.ordertype,a.ebay_tracknumber,a.ebay_carrier,a.orderweight,a.ebay_account,a.ebay_warehouse,a.market FROM abnormal_order b left join erp_ebay_order as a ON b.ebay_id = a.ebay_id  WHERE ( b.addtime >= '2018-09-23 00:00:00' AND b.addtime <= '2018-09-27 23:59:59'  ) GROUP BY ebay_id ORDER BY id desc LIMIT 0,50   [ RunTime:0.0000s ]
NOTIC: [8] Undefined variable: orderData E:\web\erpcnapi\newerp\Application\Order\Controller\TraceController.class.php 第 105 行.
SQL: SELECT `abnormal`,`addtime`,id as abnormal_id FROM `abnormal_order` WHERE `ebay_id` = '17896796' ORDER BY addtime desc LIMIT 1   [ RunTime:0.0000s ]
SQL: SELECT `platform` FROM `ebay_account` WHERE `ebay_account` = 'homegoing_3' LIMIT 1   [ RunTime:0.0010s ]
SQL: SELECT a.sku,a.qty FROM erp_goods_sale_detail a WHERE `ebay_id` = 17896796  [ RunTime:0.0010s ]
SQL: SHOW COLUMNS FROM `erp_ebay_goods` [ RunTime:0.0020s ]
SQL: SHOW COLUMNS FROM `ebay_onhandle_196` [ RunTime:0.0000s ]
SQL: SHOW COLUMNS FROM `internal_store_sku` [ RunTime:0.0010s ]
SQL: SELECT `goods_sn`,`isuse` FROM `erp_ebay_goods` WHERE ( goods_sn='MX53115' and ebay_user='vipadmin' ) LIMIT 1   [ RunTime:0.0000s ]
SQL: SELECT a.goods_id,a.goods_name,a.goods_weight as w,a.goods_aribute as attr,a.goods_length,a.goods_width,a.goods_height,a.goods_cost,b.id,b.weight,b.price FROM erp_ebay_goods a left join erp_ebay_packingmaterial b on a.ebay_packingmaterial=b.model  WHERE ( a.goods_sn='MX53115' and a.ebay_user='vipadmin' ) LIMIT 1   [ RunTime:0.0000s ]
SQL: SELECT `storeid` FROM `internal_store_sku` WHERE `sku` = 'MX53115' ORDER BY storeid  [ RunTime:0.0010s ]
SQL: SHOW COLUMNS FROM `ebay_onhandle_196` [ RunTime:0.0010s ]
SQL: SELECT a.gross_weight as w,a.packingmaterial as pkid,a.average_cost,b.weight,b.price FROM ebay_onhandle_196 a left join ebay_packingmaterial b on a.packingmaterial=b.id  WHERE ( a.goods_sn='MX53115' ) LIMIT 1   [ RunTime:0.0000s ]
SQL: SHOW COLUMNS FROM `ebay_store` [ RunTime:0.0010s ]
SQL: SELECT `id`,`store_name` FROM `ebay_store`  [ RunTime:0.0000s ]
NOTIC: [8] Undefined variable: msg E:\web\erpcnapi\newerp\Application\Order\Controller\TraceController.class.php 第 133 行.
SQL: SHOW COLUMNS FROM `abnormal_order` [ RunTime:0.0000s ]
SQL: SELECT COUNT(distinct ebay_id) AS tp_count FROM abnormal_order b WHERE ( b.addtime >= '2018-09-27 00:00:00' AND b.addtime <= '2018-09-27 23:59:59'  ) AND `adduser` = '史玉龙' LIMIT 1   [ RunTime:0.0000s ]
INFO: [ view_parse ] --START--
INFO: [ template_filter ] --START--
INFO: Run Behavior\ContentReplaceBehavior [ RunTime:0.000000s ]
INFO: [ template_filter ] --END-- [ RunTime:0.000000s ]
NOTIC: [8] A session had already been started - ignoring session_start() E:\web\erpcnapi\include\config.php 第 2 行.
NOTIC: [8192] mysql_connect(): The mysql extension is deprecated and will be removed in the future: use mysqli or PDO instead E:\web\erpcnapi\include\dbconnect.php 第 10 行.
NOTIC: [8] Undefined variable: appKey E:\web\erpcnapi\include\config.php 第 20 行.
NOTIC: [8] Undefined variable: appKey E:\web\erpcnapi\include\config.php 第 21 行.
NOTIC: [8192] Assigning the return value of new by reference is deprecated E:\web\erpcnapi\include\xmlhandle.php 第 3 行.
NOTIC: [2] mysql_fetch_assoc() expects parameter 1 to be resource, boolean given E:\web\erpcnapi\include\dbconnect.php 第 115 行.
NOTIC: [2] mysql_free_result() expects parameter 1 to be resource, boolean given E:\web\erpcnapi\include\dbconnect.php 第 120 行.
NOTIC: [8] Undefined offset: 0 E:\web\erpcnapi\include\config.php 第 65 行.
NOTIC: [8] Undefined offset: 0 E:\web\erpcnapi\include\config.php 第 66 行.
NOTIC: [8] Undefined offset: 0 E:\web\erpcnapi\include\config.php 第 67 行.
NOTIC: [8] Undefined offset: 0 E:\web\erpcnapi\include\config.php 第 68 行.
NOTIC: [8] Undefined offset: 0 E:\web\erpcnapi\include\config.php 第 69 行.
NOTIC: [8] Undefined offset: 0 E:\web\erpcnapi\include\config.php 第 70 行.
NOTIC: [8] Undefined offset: 0 E:\web\erpcnapi\include\config.php 第 71 行.
NOTIC: [8] Undefined offset: 0 E:\web\erpcnapi\include\config.php 第 72 行.
NOTIC: [8] Undefined offset: 0 E:\web\erpcnapi\include\config.php 第 73 行.
NOTIC: [8] Undefined offset: 0 E:\web\erpcnapi\include\config.php 第 74 行.
NOTIC: [8] Undefined offset: 0 E:\web\erpcnapi\include\config.php 第 75 行.
NOTIC: [8] Undefined offset: 0 E:\web\erpcnapi\include\config.php 第 76 行.
NOTIC: [8] Undefined offset: 0 E:\web\erpcnapi\include\config.php 第 77 行.
NOTIC: [8] Undefined offset: 0 E:\web\erpcnapi\include\config.php 第 78 行.
NOTIC: [8] Undefined offset: 0 E:\web\erpcnapi\include\config.php 第 79 行.
NOTIC: [8] Undefined offset: 0 E:\web\erpcnapi\include\config.php 第 80 行.
NOTIC: [8] Undefined offset: 0 E:\web\erpcnapi\include\config.php 第 81 行.
NOTIC: [8] Undefined offset: 0 E:\web\erpcnapi\include\config.php 第 82 行.
NOTIC: [8] Undefined offset: 0 E:\web\erpcnapi\include\config.php 第 83 行.
NOTIC: [8] Undefined offset: 0 E:\web\erpcnapi\include\config.php 第 84 行.
NOTIC: [8] Undefined offset: 0 E:\web\erpcnapi\include\config.php 第 85 行.
NOTIC: [8] Undefined offset: 0 E:\web\erpcnapi\include\config.php 第 86 行.
NOTIC: [8] Undefined offset: 0 E:\web\erpcnapi\include\config.php 第 87 行.
NOTIC: [8] Undefined offset: 0 E:\web\erpcnapi\include\config.php 第 88 行.
NOTIC: [2] mysql_fetch_assoc() expects parameter 1 to be resource, boolean given E:\web\erpcnapi\include\dbconnect.php 第 115 行.
NOTIC: [2] mysql_free_result() expects parameter 1 to be resource, boolean given E:\web\erpcnapi\include\dbconnect.php 第 120 行.
NOTIC: [8] Undefined index: module E:\web\erpcnapi\top.php 第 31 行.
NOTIC: [8] Undefined index: action E:\web\erpcnapi\top.php 第 32 行.
NOTIC: [8] Undefined index: module E:\web\erpcnapi\top.php 第 219 行.
NOTIC: [8] Undefined variable: vieworderstatusArr E:\web\erpcnapi\top.php 第 240 行.
NOTIC: [2] in_array() expects parameter 2 to be array, null given E:\web\erpcnapi\top.php 第 240 行.
NOTIC: [8] Use of undefined constant msg - assumed 'msg' E:\web\erpcnapi\newerp\Runtime\Cache\Order\8a06b7fdff11023ebbbb6eae16f19764.php 第 100 行.
INFO: Run Behavior\ParseTemplateBehavior [ RunTime:0.045003s ]
INFO: [ view_parse ] --END-- [ RunTime:0.045003s ]
INFO: [ view_filter ] --START--
INFO: Run Behavior\WriteHtmlCacheBehavior [ RunTime:0.000000s ]
INFO: [ view_filter ] --END-- [ RunTime:0.000000s ]
INFO: [ app_end ] --START--
INFO: Run Behavior\ShowPageTraceBehavior [ RunTime:0.000000s ]
INFO: [ app_end ] --END-- [ RunTime:0.000000s ]

[ 2018-09-27T11:43:41+08:00 ] 127.0.0.1 /t.php?s=/Order/Trace/updateWeight
INFO: [ app_init ] --START--
INFO: Run Behavior\BuildLiteBehavior [ RunTime:0.000000s ]
INFO: [ app_init ] --END-- [ RunTime:0.001001s ]
INFO: [ app_begin ] --START--
INFO: Run Behavior\ReadHtmlCacheBehavior [ RunTime:0.001000s ]
INFO: [ app_begin ] --END-- [ RunTime:0.001000s ]
SQL: SHOW COLUMNS FROM `sku_weight_change` [ RunTime:0.0010s ]
SQL: SHOW COLUMNS FROM `erp_ebay_goods` [ RunTime:0.0010s ]
SQL: SELECT `goods_weight` FROM `erp_ebay_goods` WHERE ( goods_sn='MX53115' and ebay_user='vipadmin' ) LIMIT 1   [ RunTime:0.0010s ]
SQL: UPDATE `erp_ebay_goods` SET `goods_weight`='3' WHERE ( goods_sn='MX53115' and ebay_user='vipadmin' ) [ RunTime:0.0000s ]
SQL: INSERT INTO `sku_weight_change` (`ebay_id`,`sku`,`weight`,`abnormal_id`,`adduser`,`addtime`,`note`) VALUES ('17896796','MX53115','3000','1','史玉龙','2018-09-27 11:43:41','修改前1kg，修改后3kg，差值2kg') [ RunTime:0.0000s ]

[ 2018-09-27T11:43:42+08:00 ] 127.0.0.1 /t.php?s=/Order/Trace/index&ebay_addtime_start=2018-09-23+00%3A00%3A00&ebay_addtime_end=2018-09-27+23%3A59%3A59
INFO: [ app_init ] --START--
INFO: Run Behavior\BuildLiteBehavior [ RunTime:0.000000s ]
INFO: [ app_init ] --END-- [ RunTime:0.000000s ]
INFO: [ app_begin ] --START--
INFO: Run Behavior\ReadHtmlCacheBehavior [ RunTime:0.001000s ]
INFO: [ app_begin ] --END-- [ RunTime:0.001000s ]
NOTIC: [8] Undefined index: scanNumber E:\web\erpcnapi\newerp\Application\Order\Controller\TraceController.class.php 第 65 行.
SQL: SHOW COLUMNS FROM `erp_ebay_order` [ RunTime:0.0020s ]
SQL: SHOW COLUMNS FROM `erp_goods_sale_detail` [ RunTime:0.0010s ]
SQL: SHOW COLUMNS FROM `abnormal_order` [ RunTime:0.0010s ]
SQL: SHOW COLUMNS FROM `ebay_account` [ RunTime:0.0010s ]
SQL: SELECT COUNT(distinct ebay_id) AS tp_count FROM abnormal_order b WHERE ( b.addtime >= '2018-09-23 00:00:00' AND b.addtime <= '2018-09-27 23:59:59'  ) LIMIT 1   [ RunTime:0.0000s ]
SQL: SELECT a.ebay_id,a.ebay_status,a.ordertype,a.ebay_tracknumber,a.ebay_carrier,a.orderweight,a.ebay_account,a.ebay_warehouse,a.market FROM abnormal_order b left join erp_ebay_order as a ON b.ebay_id = a.ebay_id  WHERE ( b.addtime >= '2018-09-23 00:00:00' AND b.addtime <= '2018-09-27 23:59:59'  ) GROUP BY ebay_id ORDER BY id desc LIMIT 0,50   [ RunTime:0.0010s ]
NOTIC: [8] Undefined variable: orderData E:\web\erpcnapi\newerp\Application\Order\Controller\TraceController.class.php 第 105 行.
SQL: SELECT `abnormal`,`addtime`,id as abnormal_id FROM `abnormal_order` WHERE `ebay_id` = '17896796' ORDER BY addtime desc LIMIT 1   [ RunTime:0.0000s ]
SQL: SELECT `platform` FROM `ebay_account` WHERE `ebay_account` = 'homegoing_3' LIMIT 1   [ RunTime:0.0010s ]
SQL: SELECT a.sku,a.qty FROM erp_goods_sale_detail a WHERE `ebay_id` = 17896796  [ RunTime:0.0000s ]
SQL: SHOW COLUMNS FROM `erp_ebay_goods` [ RunTime:0.0020s ]
SQL: SHOW COLUMNS FROM `ebay_onhandle_196` [ RunTime:0.0010s ]
SQL: SHOW COLUMNS FROM `internal_store_sku` [ RunTime:0.0010s ]
SQL: SELECT `goods_sn`,`isuse` FROM `erp_ebay_goods` WHERE ( goods_sn='MX53115' and ebay_user='vipadmin' ) LIMIT 1   [ RunTime:0.0010s ]
SQL: SELECT a.goods_id,a.goods_name,a.goods_weight as w,a.goods_aribute as attr,a.goods_length,a.goods_width,a.goods_height,a.goods_cost,b.id,b.weight,b.price FROM erp_ebay_goods a left join erp_ebay_packingmaterial b on a.ebay_packingmaterial=b.model  WHERE ( a.goods_sn='MX53115' and a.ebay_user='vipadmin' ) LIMIT 1   [ RunTime:0.0010s ]
SQL: SELECT `storeid` FROM `internal_store_sku` WHERE `sku` = 'MX53115' ORDER BY storeid  [ RunTime:0.0000s ]
SQL: SHOW COLUMNS FROM `ebay_onhandle_196` [ RunTime:0.0010s ]
SQL: SELECT a.gross_weight as w,a.packingmaterial as pkid,a.average_cost,b.weight,b.price FROM ebay_onhandle_196 a left join ebay_packingmaterial b on a.packingmaterial=b.id  WHERE ( a.goods_sn='MX53115' ) LIMIT 1   [ RunTime:0.0010s ]
SQL: SHOW COLUMNS FROM `ebay_store` [ RunTime:0.0000s ]
SQL: SELECT `id`,`store_name` FROM `ebay_store`  [ RunTime:0.0010s ]
NOTIC: [8] Undefined variable: msg E:\web\erpcnapi\newerp\Application\Order\Controller\TraceController.class.php 第 133 行.
SQL: SHOW COLUMNS FROM `abnormal_order` [ RunTime:0.0010s ]
SQL: SELECT COUNT(distinct ebay_id) AS tp_count FROM abnormal_order b WHERE ( b.addtime >= '2018-09-27 00:00:00' AND b.addtime <= '2018-09-27 23:59:59'  ) AND `adduser` = '史玉龙' LIMIT 1   [ RunTime:0.0000s ]
INFO: [ view_parse ] --START--
INFO: [ template_filter ] --START--
INFO: Run Behavior\ContentReplaceBehavior [ RunTime:0.000000s ]
INFO: [ template_filter ] --END-- [ RunTime:0.000000s ]
NOTIC: [8] A session had already been started - ignoring session_start() E:\web\erpcnapi\include\config.php 第 2 行.
NOTIC: [8192] mysql_connect(): The mysql extension is deprecated and will be removed in the future: use mysqli or PDO instead E:\web\erpcnapi\include\dbconnect.php 第 10 行.
NOTIC: [8] Undefined variable: appKey E:\web\erpcnapi\include\config.php 第 20 行.
NOTIC: [8] Undefined variable: appKey E:\web\erpcnapi\include\config.php 第 21 行.
NOTIC: [8192] Assigning the return value of new by reference is deprecated E:\web\erpcnapi\include\xmlhandle.php 第 3 行.
NOTIC: [2] mysql_fetch_assoc() expects parameter 1 to be resource, boolean given E:\web\erpcnapi\include\dbconnect.php 第 115 行.
NOTIC: [2] mysql_free_result() expects parameter 1 to be resource, boolean given E:\web\erpcnapi\include\dbconnect.php 第 120 行.
NOTIC: [8] Undefined offset: 0 E:\web\erpcnapi\include\config.php 第 65 行.
NOTIC: [8] Undefined offset: 0 E:\web\erpcnapi\include\config.php 第 66 行.
NOTIC: [8] Undefined offset: 0 E:\web\erpcnapi\include\config.php 第 67 行.
NOTIC: [8] Undefined offset: 0 E:\web\erpcnapi\include\config.php 第 68 行.
NOTIC: [8] Undefined offset: 0 E:\web\erpcnapi\include\config.php 第 69 行.
NOTIC: [8] Undefined offset: 0 E:\web\erpcnapi\include\config.php 第 70 行.
NOTIC: [8] Undefined offset: 0 E:\web\erpcnapi\include\config.php 第 71 行.
NOTIC: [8] Undefined offset: 0 E:\web\erpcnapi\include\config.php 第 72 行.
NOTIC: [8] Undefined offset: 0 E:\web\erpcnapi\include\config.php 第 73 行.
NOTIC: [8] Undefined offset: 0 E:\web\erpcnapi\include\config.php 第 74 行.
NOTIC: [8] Undefined offset: 0 E:\web\erpcnapi\include\config.php 第 75 行.
NOTIC: [8] Undefined offset: 0 E:\web\erpcnapi\include\config.php 第 76 行.
NOTIC: [8] Undefined offset: 0 E:\web\erpcnapi\include\config.php 第 77 行.
NOTIC: [8] Undefined offset: 0 E:\web\erpcnapi\include\config.php 第 78 行.
NOTIC: [8] Undefined offset: 0 E:\web\erpcnapi\include\config.php 第 79 行.
NOTIC: [8] Undefined offset: 0 E:\web\erpcnapi\include\config.php 第 80 行.
NOTIC: [8] Undefined offset: 0 E:\web\erpcnapi\include\config.php 第 81 行.
NOTIC: [8] Undefined offset: 0 E:\web\erpcnapi\include\config.php 第 82 行.
NOTIC: [8] Undefined offset: 0 E:\web\erpcnapi\include\config.php 第 83 行.
NOTIC: [8] Undefined offset: 0 E:\web\erpcnapi\include\config.php 第 84 行.
NOTIC: [8] Undefined offset: 0 E:\web\erpcnapi\include\config.php 第 85 行.
NOTIC: [8] Undefined offset: 0 E:\web\erpcnapi\include\config.php 第 86 行.
NOTIC: [8] Undefined offset: 0 E:\web\erpcnapi\include\config.php 第 87 行.
NOTIC: [8] Undefined offset: 0 E:\web\erpcnapi\include\config.php 第 88 行.
NOTIC: [2] mysql_fetch_assoc() expects parameter 1 to be resource, boolean given E:\web\erpcnapi\include\dbconnect.php 第 115 行.
NOTIC: [2] mysql_free_result() expects parameter 1 to be resource, boolean given E:\web\erpcnapi\include\dbconnect.php 第 120 行.
NOTIC: [8] Undefined index: module E:\web\erpcnapi\top.php 第 31 行.
NOTIC: [8] Undefined index: action E:\web\erpcnapi\top.php 第 32 行.
NOTIC: [8] Undefined index: module E:\web\erpcnapi\top.php 第 219 行.
NOTIC: [8] Undefined variable: vieworderstatusArr E:\web\erpcnapi\top.php 第 240 行.
NOTIC: [2] in_array() expects parameter 2 to be array, null given E:\web\erpcnapi\top.php 第 240 行.
NOTIC: [8] Use of undefined constant msg - assumed 'msg' E:\web\erpcnapi\newerp\Runtime\Cache\Order\8a06b7fdff11023ebbbb6eae16f19764.php 第 100 行.
INFO: Run Behavior\ParseTemplateBehavior [ RunTime:0.044003s ]
INFO: [ view_parse ] --END-- [ RunTime:0.044003s ]
INFO: [ view_filter ] --START--
INFO: Run Behavior\WriteHtmlCacheBehavior [ RunTime:0.000000s ]
INFO: [ view_filter ] --END-- [ RunTime:0.000000s ]
INFO: [ app_end ] --START--
INFO: Run Behavior\ShowPageTraceBehavior [ RunTime:0.000000s ]
INFO: [ app_end ] --END-- [ RunTime:0.000000s ]

