[ 2019-05-08T16:36:09+08:00 ] 192.168.8.93 /t.php?s=/Order/Order/index&ebay_status=1723,1745,1724,2009&deliver_goods=1
INFO: [ app_init ] --START--
INFO: Run Behavior\BuildLiteBehavior [ RunTime:0.000045s ]
INFO: [ app_init ] --END-- [ RunTime:0.011860s ]
INFO: [ app_begin ] --START--
INFO: Run Behavior\ReadHtmlCacheBehavior [ RunTime:0.023955s ]
INFO: [ app_begin ] --END-- [ RunTime:0.024541s ]
SQL: SHOW COLUMNS FROM `erp_ebay_order` [ RunTime:0.0076s ]
SQL: SHOW COLUMNS FROM `ebay_account` [ RunTime:0.0035s ]
SQL: SELECT `platform` FROM `ebay_account` WHERE ( platform !='' ) GROUP BY platform ORDER BY platform  [ RunTime:0.0022s ]
NOTIC: [8] Undefined index: pageSize /opt/web/erpcnapi/newerp/Application/Order/Controller/OrderController.class.php 第 49 行.
NOTIC: [8] Undefined index: platform /opt/web/erpcnapi/newerp/Application/Order/Controller/OrderController.class.php 第 53 行.
NOTIC: [8] Undefined index: sort_name /opt/web/erpcnapi/newerp/Application/Order/Controller/OrderController.class.php 第 140 行.
NOTIC: [8] Undefined index: sort_value /opt/web/erpcnapi/newerp/Application/Order/Controller/OrderController.class.php 第 141 行.
NOTIC: [8] Undefined index: platform /opt/web/erpcnapi/newerp/Application/Order/Controller/OrderController.class.php 第 143 行.
NOTIC: [8] Undefined index: ebay_addtime_start /opt/web/erpcnapi/newerp/Application/Order/Controller/OrderController.class.php 第 151 行.
NOTIC: [8] Undefined index: ebay_addtime_end /opt/web/erpcnapi/newerp/Application/Order/Controller/OrderController.class.php 第 154 行.
NOTIC: [8] Undefined index: w_add_time_start /opt/web/erpcnapi/newerp/Application/Order/Controller/OrderController.class.php 第 157 行.
NOTIC: [8] Undefined index: w_add_time_end /opt/web/erpcnapi/newerp/Application/Order/Controller/OrderController.class.php 第 160 行.
NOTIC: [8] Undefined index: content /opt/web/erpcnapi/newerp/Application/Order/Controller/OrderController.class.php 第 168 行.
NOTIC: [8] Undefined index: erp_op_id /opt/web/erpcnapi/newerp/Application/Order/Controller/OrderController.class.php 第 185 行.
NOTIC: [8] Undefined index: sku /opt/web/erpcnapi/newerp/Application/Order/Controller/OrderController.class.php 第 198 行.
SQL: SELECT COUNT(*) AS tp_count FROM erp_ebay_order a left join erp_order_type b using(ebay_id)  WHERE a.ebay_status = 1723 AND (  b.id is null ) LIMIT 1   [ RunTime:0.0021s ]
NOTIC: [8] Undefined index: platform /opt/web/erpcnapi/newerp/Application/Order/Controller/OrderController.class.php 第 73 行.
NOTIC: [8] Undefined index: sort_name /opt/web/erpcnapi/newerp/Application/Order/Controller/OrderController.class.php 第 77 行.
NOTIC: [8] Undefined index: order_type /opt/web/erpcnapi/newerp/Application/Order/Controller/OrderController.class.php 第 87 行.
SQL: SELECT COUNT(*) AS tp_count FROM erp_ebay_order a inner join erp_order_type as b on a.ebay_id = b.ebay_id  WHERE a.ebay_status IN ('1723','1745','1724','2009') LIMIT 1   [ RunTime:0.0018s ]
NOTIC: [8] Undefined index: sort_name /opt/web/erpcnapi/newerp/Application/Order/Controller/OrderController.class.php 第 94 行.
NOTIC: [8] Undefined variable: sort_new /opt/web/erpcnapi/newerp/Application/Order/Controller/OrderController.class.php 第 102 行.
SQL: SELECT a.*,b.type FROM erp_ebay_order a inner join erp_order_type as b on a.ebay_id = b.ebay_id  WHERE a.ebay_status IN ('1723','1745','1724','2009') LIMIT 0,100   [ RunTime:0.0192s ]
NOTIC: [8] Undefined index: erp_op_id /opt/web/erpcnapi/newerp/Application/Order/Controller/OrderController.class.php 第 133 行.
INFO: [ view_parse ] --START--
INFO: [ template_filter ] --START--
INFO: Run Behavior\ContentReplaceBehavior [ RunTime:0.000128s ]
INFO: [ template_filter ] --END-- [ RunTime:0.000240s ]
NOTIC: [8] A session had already been started - ignoring session_start() /opt/web/erpcnapi/include/config.php 第 2 行.
NOTIC: [8] Undefined variable: appKey /opt/web/erpcnapi/include/config.php 第 20 行.
NOTIC: [8] Undefined variable: appKey /opt/web/erpcnapi/include/config.php 第 21 行.
NOTIC: [8192] Assigning the return value of new by reference is deprecated /opt/web/erpcnapi/include/xmlhandle.php 第 3 行.
NOTIC: [2] mysql_fetch_assoc() expects parameter 1 to be resource, boolean given /opt/web/erpcnapi/include/dbconnect.php 第 115 行.
NOTIC: [2] mysql_free_result() expects parameter 1 to be resource, boolean given /opt/web/erpcnapi/include/dbconnect.php 第 120 行.
NOTIC: [8] Undefined offset: 0 /opt/web/erpcnapi/include/config.php 第 65 行.
NOTIC: [8] Undefined offset: 0 /opt/web/erpcnapi/include/config.php 第 66 行.
NOTIC: [8] Undefined offset: 0 /opt/web/erpcnapi/include/config.php 第 67 行.
NOTIC: [8] Undefined offset: 0 /opt/web/erpcnapi/include/config.php 第 68 行.
NOTIC: [8] Undefined offset: 0 /opt/web/erpcnapi/include/config.php 第 69 行.
NOTIC: [8] Undefined offset: 0 /opt/web/erpcnapi/include/config.php 第 70 行.
NOTIC: [8] Undefined offset: 0 /opt/web/erpcnapi/include/config.php 第 71 行.
NOTIC: [8] Undefined offset: 0 /opt/web/erpcnapi/include/config.php 第 72 行.
NOTIC: [8] Undefined offset: 0 /opt/web/erpcnapi/include/config.php 第 73 行.
NOTIC: [8] Undefined offset: 0 /opt/web/erpcnapi/include/config.php 第 74 行.
NOTIC: [8] Undefined offset: 0 /opt/web/erpcnapi/include/config.php 第 75 行.
NOTIC: [8] Undefined offset: 0 /opt/web/erpcnapi/include/config.php 第 76 行.
NOTIC: [8] Undefined offset: 0 /opt/web/erpcnapi/include/config.php 第 77 行.
NOTIC: [8] Undefined offset: 0 /opt/web/erpcnapi/include/config.php 第 78 行.
NOTIC: [8] Undefined offset: 0 /opt/web/erpcnapi/include/config.php 第 79 行.
NOTIC: [8] Undefined offset: 0 /opt/web/erpcnapi/include/config.php 第 80 行.
NOTIC: [8] Undefined offset: 0 /opt/web/erpcnapi/include/config.php 第 81 行.
NOTIC: [8] Undefined offset: 0 /opt/web/erpcnapi/include/config.php 第 82 行.
NOTIC: [8] Undefined offset: 0 /opt/web/erpcnapi/include/config.php 第 83 行.
NOTIC: [8] Undefined offset: 0 /opt/web/erpcnapi/include/config.php 第 84 行.
NOTIC: [8] Undefined offset: 0 /opt/web/erpcnapi/include/config.php 第 85 行.
NOTIC: [8] Undefined offset: 0 /opt/web/erpcnapi/include/config.php 第 86 行.
NOTIC: [8] Undefined offset: 0 /opt/web/erpcnapi/include/config.php 第 87 行.
NOTIC: [8] Undefined offset: 0 /opt/web/erpcnapi/include/config.php 第 88 行.
NOTIC: [2] mysql_fetch_assoc() expects parameter 1 to be resource, boolean given /opt/web/erpcnapi/include/dbconnect.php 第 115 行.
NOTIC: [2] mysql_free_result() expects parameter 1 to be resource, boolean given /opt/web/erpcnapi/include/dbconnect.php 第 120 行.
NOTIC: [8] Undefined index: module /opt/web/erpcnapi/top.php 第 31 行.
NOTIC: [8] Undefined index: action /opt/web/erpcnapi/top.php 第 32 行.
NOTIC: [8] Undefined index: module /opt/web/erpcnapi/top.php 第 237 行.
NOTIC: [8] Undefined variable: vieworderstatusArr /opt/web/erpcnapi/top.php 第 258 行.
NOTIC: [2] in_array() expects parameter 2 to be array, null given /opt/web/erpcnapi/top.php 第 258 行.
NOTIC: [8] Undefined index: content /opt/web/erpcnapi/newerp/Runtime/Cache/Order/a40744885264f0948899f53d8bf3449f.php 第 111 行.
NOTIC: [8] Undefined index: field /opt/web/erpcnapi/newerp/Runtime/Cache/Order/a40744885264f0948899f53d8bf3449f.php 第 114 行.
NOTIC: [8] Undefined index: field /opt/web/erpcnapi/newerp/Runtime/Cache/Order/a40744885264f0948899f53d8bf3449f.php 第 114 行.
NOTIC: [8] Undefined index: field /opt/web/erpcnapi/newerp/Runtime/Cache/Order/a40744885264f0948899f53d8bf3449f.php 第 114 行.
NOTIC: [8] Undefined index: field /opt/web/erpcnapi/newerp/Runtime/Cache/Order/a40744885264f0948899f53d8bf3449f.php 第 114 行.
NOTIC: [8] Undefined index: field /opt/web/erpcnapi/newerp/Runtime/Cache/Order/a40744885264f0948899f53d8bf3449f.php 第 114 行.
NOTIC: [8] Undefined index: sku /opt/web/erpcnapi/newerp/Runtime/Cache/Order/a40744885264f0948899f53d8bf3449f.php 第 121 行.
NOTIC: [8] Undefined index: w_add_time_start /opt/web/erpcnapi/newerp/Runtime/Cache/Order/a40744885264f0948899f53d8bf3449f.php 第 126 行.
NOTIC: [8] Undefined index: w_add_time_end /opt/web/erpcnapi/newerp/Runtime/Cache/Order/a40744885264f0948899f53d8bf3449f.php 第 128 行.
NOTIC: [8] Undefined index: order_type /opt/web/erpcnapi/newerp/Runtime/Cache/Order/a40744885264f0948899f53d8bf3449f.php 第 144 行.
NOTIC: [8] Undefined index: order_type /opt/web/erpcnapi/newerp/Runtime/Cache/Order/a40744885264f0948899f53d8bf3449f.php 第 145 行.
NOTIC: [8] Undefined index: order_type /opt/web/erpcnapi/newerp/Runtime/Cache/Order/a40744885264f0948899f53d8bf3449f.php 第 146 行.
NOTIC: [8] Undefined index: sort_name /opt/web/erpcnapi/newerp/Runtime/Cache/Order/a40744885264f0948899f53d8bf3449f.php 第 183 行.
NOTIC: [8] Undefined index: sort_value /opt/web/erpcnapi/newerp/Runtime/Cache/Order/a40744885264f0948899f53d8bf3449f.php 第 184 行.
NOTIC: [8] Undefined index: pageSize /opt/web/erpcnapi/newerp/Runtime/Cache/Order/a40744885264f0948899f53d8bf3449f.php 第 218 行.
NOTIC: [8] Undefined index: pageSize /opt/web/erpcnapi/newerp/Runtime/Cache/Order/a40744885264f0948899f53d8bf3449f.php 第 219 行.
NOTIC: [8] Undefined index: pageSize /opt/web/erpcnapi/newerp/Runtime/Cache/Order/a40744885264f0948899f53d8bf3449f.php 第 220 行.
NOTIC: [8] Undefined index: sort_value /opt/web/erpcnapi/newerp/Runtime/Cache/Order/a40744885264f0948899f53d8bf3449f.php 第 236 行.
NOTIC: [8] Undefined index: sort_name /opt/web/erpcnapi/newerp/Runtime/Cache/Order/a40744885264f0948899f53d8bf3449f.php 第 238 行.
NOTIC: [8] Undefined variable: allStatus /opt/web/erpcnapi/newerp/Runtime/Cache/Order/a40744885264f0948899f53d8bf3449f.php 第 267 行.
NOTIC: [8] Undefined variable: allStatus /opt/web/erpcnapi/newerp/Runtime/Cache/Order/a40744885264f0948899f53d8bf3449f.php 第 267 行.
NOTIC: [8] Undefined variable: allStatus /opt/web/erpcnapi/newerp/Runtime/Cache/Order/a40744885264f0948899f53d8bf3449f.php 第 267 行.
NOTIC: [8] Undefined variable: allStatus /opt/web/erpcnapi/newerp/Runtime/Cache/Order/a40744885264f0948899f53d8bf3449f.php 第 267 行.
NOTIC: [8] Undefined variable: allStatus /opt/web/erpcnapi/newerp/Runtime/Cache/Order/a40744885264f0948899f53d8bf3449f.php 第 267 行.
NOTIC: [8] Undefined variable: allStatus /opt/web/erpcnapi/newerp/Runtime/Cache/Order/a40744885264f0948899f53d8bf3449f.php 第 267 行.
NOTIC: [8] Undefined variable: allStatus /opt/web/erpcnapi/newerp/Runtime/Cache/Order/a40744885264f0948899f53d8bf3449f.php 第 267 行.
NOTIC: [8] Undefined variable: allStatus /opt/web/erpcnapi/newerp/Runtime/Cache/Order/a40744885264f0948899f53d8bf3449f.php 第 267 行.
NOTIC: [8] Undefined variable: allStatus /opt/web/erpcnapi/newerp/Runtime/Cache/Order/a40744885264f0948899f53d8bf3449f.php 第 267 行.
NOTIC: [8] Undefined variable: allStatus /opt/web/erpcnapi/newerp/Runtime/Cache/Order/a40744885264f0948899f53d8bf3449f.php 第 267 行.
NOTIC: [8] Undefined variable: allStatus /opt/web/erpcnapi/newerp/Runtime/Cache/Order/a40744885264f0948899f53d8bf3449f.php 第 267 行.
NOTIC: [8] Undefined variable: allStatus /opt/web/erpcnapi/newerp/Runtime/Cache/Order/a40744885264f0948899f53d8bf3449f.php 第 267 行.
NOTIC: [8] Undefined variable: allStatus /opt/web/erpcnapi/newerp/Runtime/Cache/Order/a40744885264f0948899f53d8bf3449f.php 第 267 行.
NOTIC: [8] Undefined variable: allStatus /opt/web/erpcnapi/newerp/Runtime/Cache/Order/a40744885264f0948899f53d8bf3449f.php 第 267 行.
NOTIC: [8] Undefined variable: allStatus /opt/web/erpcnapi/newerp/Runtime/Cache/Order/a40744885264f0948899f53d8bf3449f.php 第 267 行.
NOTIC: [8] Undefined variable: allStatus /opt/web/erpcnapi/newerp/Runtime/Cache/Order/a40744885264f0948899f53d8bf3449f.php 第 267 行.
NOTIC: [8] Undefined variable: allStatus /opt/web/erpcnapi/newerp/Runtime/Cache/Order/a40744885264f0948899f53d8bf3449f.php 第 267 行.
NOTIC: [8] Undefined variable: allStatus /opt/web/erpcnapi/newerp/Runtime/Cache/Order/a40744885264f0948899f53d8bf3449f.php 第 267 行.
NOTIC: [8] Undefined variable: allStatus /opt/web/erpcnapi/newerp/Runtime/Cache/Order/a40744885264f0948899f53d8bf3449f.php 第 267 行.
NOTIC: [8] Undefined variable: allStatus /opt/web/erpcnapi/newerp/Runtime/Cache/Order/a40744885264f0948899f53d8bf3449f.php 第 267 行.
NOTIC: [8] Undefined variable: allStatus /opt/web/erpcnapi/newerp/Runtime/Cache/Order/a40744885264f0948899f53d8bf3449f.php 第 267 行.
NOTIC: [8] Undefined variable: allStatus /opt/web/erpcnapi/newerp/Runtime/Cache/Order/a40744885264f0948899f53d8bf3449f.php 第 267 行.
NOTIC: [8] Undefined variable: allStatus /opt/web/erpcnapi/newerp/Runtime/Cache/Order/a40744885264f0948899f53d8bf3449f.php 第 267 行.
NOTIC: [8] Undefined variable: allStatus /opt/web/erpcnapi/newerp/Runtime/Cache/Order/a40744885264f0948899f53d8bf3449f.php 第 267 行.
NOTIC: [8] Undefined variable: allStatus /opt/web/erpcnapi/newerp/Runtime/Cache/Order/a40744885264f0948899f53d8bf3449f.php 第 267 行.
NOTIC: [8] Undefined variable: allStatus /opt/web/erpcnapi/newerp/Runtime/Cache/Order/a40744885264f0948899f53d8bf3449f.php 第 267 行.
NOTIC: [8] Undefined variable: allStatus /opt/web/erpcnapi/newerp/Runtime/Cache/Order/a40744885264f0948899f53d8bf3449f.php 第 267 行.
NOTIC: [8] Undefined variable: allStatus /opt/web/erpcnapi/newerp/Runtime/Cache/Order/a40744885264f0948899f53d8bf3449f.php 第 267 行.
NOTIC: [8] Undefined variable: allStatus /opt/web/erpcnapi/newerp/Runtime/Cache/Order/a40744885264f0948899f53d8bf3449f.php 第 267 行.
NOTIC: [8] Undefined variable: allStatus /opt/web/erpcnapi/newerp/Runtime/Cache/Order/a40744885264f0948899f53d8bf3449f.php 第 267 行.
NOTIC: [8] Undefined variable: allStatus /opt/web/erpcnapi/newerp/Runtime/Cache/Order/a40744885264f0948899f53d8bf3449f.php 第 267 行.
NOTIC: [8] Undefined variable: allStatus /opt/web/erpcnapi/newerp/Runtime/Cache/Order/a40744885264f0948899f53d8bf3449f.php 第 267 行.
NOTIC: [8] Undefined variable: allStatus /opt/web/erpcnapi/newerp/Runtime/Cache/Order/a40744885264f0948899f53d8bf3449f.php 第 267 行.
NOTIC: [8] Undefined variable: allStatus /opt/web/erpcnapi/newerp/Runtime/Cache/Order/a40744885264f0948899f53d8bf3449f.php 第 267 行.
NOTIC: [8] Undefined variable: allStatus /opt/web/erpcnapi/newerp/Runtime/Cache/Order/a40744885264f0948899f53d8bf3449f.php 第 267 行.
NOTIC: [8] Undefined variable: allStatus /opt/web/erpcnapi/newerp/Runtime/Cache/Order/a40744885264f0948899f53d8bf3449f.php 第 267 行.
NOTIC: [8] Undefined variable: allStatus /opt/web/erpcnapi/newerp/Runtime/Cache/Order/a40744885264f0948899f53d8bf3449f.php 第 267 行.
NOTIC: [8] Undefined variable: allStatus /opt/web/erpcnapi/newerp/Runtime/Cache/Order/a40744885264f0948899f53d8bf3449f.php 第 267 行.
NOTIC: [8] Undefined variable: allStatus /opt/web/erpcnapi/newerp/Runtime/Cache/Order/a40744885264f0948899f53d8bf3449f.php 第 267 行.
NOTIC: [8] Undefined variable: allStatus /opt/web/erpcnapi/newerp/Runtime/Cache/Order/a40744885264f0948899f53d8bf3449f.php 第 267 行.
NOTIC: [8] Undefined variable: allStatus /opt/web/erpcnapi/newerp/Runtime/Cache/Order/a40744885264f0948899f53d8bf3449f.php 第 267 行.
NOTIC: [8] Undefined variable: allStatus /opt/web/erpcnapi/newerp/Runtime/Cache/Order/a40744885264f0948899f53d8bf3449f.php 第 267 行.
NOTIC: [8] Undefined variable: allStatus /opt/web/erpcnapi/newerp/Runtime/Cache/Order/a40744885264f0948899f53d8bf3449f.php 第 267 行.
NOTIC: [8] Undefined variable: allStatus /opt/web/erpcnapi/newerp/Runtime/Cache/Order/a40744885264f0948899f53d8bf3449f.php 第 267 行.
NOTIC: [8] Undefined variable: allStatus /opt/web/erpcnapi/newerp/Runtime/Cache/Order/a40744885264f0948899f53d8bf3449f.php 第 267 行.
NOTIC: [8] Undefined variable: allStatus /opt/web/erpcnapi/newerp/Runtime/Cache/Order/a40744885264f0948899f53d8bf3449f.php 第 267 行.
NOTIC: [8] Undefined variable: allStatus /opt/web/erpcnapi/newerp/Runtime/Cache/Order/a40744885264f0948899f53d8bf3449f.php 第 267 行.
NOTIC: [8] Undefined variable: allStatus /opt/web/erpcnapi/newerp/Runtime/Cache/Order/a40744885264f0948899f53d8bf3449f.php 第 267 行.
NOTIC: [8] Undefined variable: allStatus /opt/web/erpcnapi/newerp/Runtime/Cache/Order/a40744885264f0948899f53d8bf3449f.php 第 267 行.
NOTIC: [8] Undefined variable: allStatus /opt/web/erpcnapi/newerp/Runtime/Cache/Order/a40744885264f0948899f53d8bf3449f.php 第 267 行.
NOTIC: [8] Undefined variable: allStatus /opt/web/erpcnapi/newerp/Runtime/Cache/Order/a40744885264f0948899f53d8bf3449f.php 第 267 行.
NOTIC: [8] Undefined variable: allStatus /opt/web/erpcnapi/newerp/Runtime/Cache/Order/a40744885264f0948899f53d8bf3449f.php 第 267 行.
NOTIC: [8] Undefined variable: allStatus /opt/web/erpcnapi/newerp/Runtime/Cache/Order/a40744885264f0948899f53d8bf3449f.php 第 267 行.
NOTIC: [8] Undefined variable: allStatus /opt/web/erpcnapi/newerp/Runtime/Cache/Order/a40744885264f0948899f53d8bf3449f.php 第 267 行.
NOTIC: [8] Undefined variable: allStatus /opt/web/erpcnapi/newerp/Runtime/Cache/Order/a40744885264f0948899f53d8bf3449f.php 第 267 行.
NOTIC: [8] Undefined variable: allStatus /opt/web/erpcnapi/newerp/Runtime/Cache/Order/a40744885264f0948899f53d8bf3449f.php 第 267 行.
NOTIC: [8] Undefined variable: allStatus /opt/web/erpcnapi/newerp/Runtime/Cache/Order/a40744885264f0948899f53d8bf3449f.php 第 267 行.
NOTIC: [8] Undefined variable: allStatus /opt/web/erpcnapi/newerp/Runtime/Cache/Order/a40744885264f0948899f53d8bf3449f.php 第 267 行.
NOTIC: [8] Undefined variable: allStatus /opt/web/erpcnapi/newerp/Runtime/Cache/Order/a40744885264f0948899f53d8bf3449f.php 第 267 行.
NOTIC: [8] Undefined variable: allStatus /opt/web/erpcnapi/newerp/Runtime/Cache/Order/a40744885264f0948899f53d8bf3449f.php 第 267 行.
NOTIC: [8] Undefined variable: allStatus /opt/web/erpcnapi/newerp/Runtime/Cache/Order/a40744885264f0948899f53d8bf3449f.php 第 267 行.
NOTIC: [8] Undefined variable: allStatus /opt/web/erpcnapi/newerp/Runtime/Cache/Order/a40744885264f0948899f53d8bf3449f.php 第 267 行.
NOTIC: [8] Undefined variable: allStatus /opt/web/erpcnapi/newerp/Runtime/Cache/Order/a40744885264f0948899f53d8bf3449f.php 第 267 行.
NOTIC: [8] Undefined variable: allStatus /opt/web/erpcnapi/newerp/Runtime/Cache/Order/a40744885264f0948899f53d8bf3449f.php 第 267 行.
NOTIC: [8] Undefined variable: allStatus /opt/web/erpcnapi/newerp/Runtime/Cache/Order/a40744885264f0948899f53d8bf3449f.php 第 267 行.
NOTIC: [8] Undefined variable: allStatus /opt/web/erpcnapi/newerp/Runtime/Cache/Order/a40744885264f0948899f53d8bf3449f.php 第 267 行.
NOTIC: [8] Undefined variable: allStatus /opt/web/erpcnapi/newerp/Runtime/Cache/Order/a40744885264f0948899f53d8bf3449f.php 第 267 行.
NOTIC: [8] Undefined variable: allStatus /opt/web/erpcnapi/newerp/Runtime/Cache/Order/a40744885264f0948899f53d8bf3449f.php 第 267 行.
NOTIC: [8] Undefined variable: allStatus /opt/web/erpcnapi/newerp/Runtime/Cache/Order/a40744885264f0948899f53d8bf3449f.php 第 267 行.
NOTIC: [8] Undefined variable: allStatus /opt/web/erpcnapi/newerp/Runtime/Cache/Order/a40744885264f0948899f53d8bf3449f.php 第 267 行.
NOTIC: [8] Undefined variable: allStatus /opt/web/erpcnapi/newerp/Runtime/Cache/Order/a40744885264f0948899f53d8bf3449f.php 第 267 行.
NOTIC: [8] Undefined variable: allStatus /opt/web/erpcnapi/newerp/Runtime/Cache/Order/a40744885264f0948899f53d8bf3449f.php 第 267 行.
NOTIC: [8] Undefined variable: allStatus /opt/web/erpcnapi/newerp/Runtime/Cache/Order/a40744885264f0948899f53d8bf3449f.php 第 267 行.
NOTIC: [8] Undefined variable: allStatus /opt/web/erpcnapi/newerp/Runtime/Cache/Order/a40744885264f0948899f53d8bf3449f.php 第 267 行.
NOTIC: [8] Undefined variable: allStatus /opt/web/erpcnapi/newerp/Runtime/Cache/Order/a40744885264f0948899f53d8bf3449f.php 第 267 行.
NOTIC: [8] Undefined variable: allStatus /opt/web/erpcnapi/newerp/Runtime/Cache/Order/a40744885264f0948899f53d8bf3449f.php 第 267 行.
NOTIC: [8] Undefined variable: allStatus /opt/web/erpcnapi/newerp/Runtime/Cache/Order/a40744885264f0948899f53d8bf3449f.php 第 267 行.
NOTIC: [8] Undefined variable: allStatus /opt/web/erpcnapi/newerp/Runtime/Cache/Order/a40744885264f0948899f53d8bf3449f.php 第 267 行.
NOTIC: [8] Undefined variable: allStatus /opt/web/erpcnapi/newerp/Runtime/Cache/Order/a40744885264f0948899f53d8bf3449f.php 第 267 行.
NOTIC: [8] Undefined variable: allStatus /opt/web/erpcnapi/newerp/Runtime/Cache/Order/a40744885264f0948899f53d8bf3449f.php 第 267 行.
NOTIC: [8] Undefined variable: allStatus /opt/web/erpcnapi/newerp/Runtime/Cache/Order/a40744885264f0948899f53d8bf3449f.php 第 267 行.
NOTIC: [8] Undefined variable: allStatus /opt/web/erpcnapi/newerp/Runtime/Cache/Order/a40744885264f0948899f53d8bf3449f.php 第 267 行.
NOTIC: [8] Undefined variable: allStatus /opt/web/erpcnapi/newerp/Runtime/Cache/Order/a40744885264f0948899f53d8bf3449f.php 第 267 行.
NOTIC: [8] Undefined variable: allStatus /opt/web/erpcnapi/newerp/Runtime/Cache/Order/a40744885264f0948899f53d8bf3449f.php 第 267 行.
NOTIC: [8] Undefined variable: allStatus /opt/web/erpcnapi/newerp/Runtime/Cache/Order/a40744885264f0948899f53d8bf3449f.php 第 267 行.
NOTIC: [8] Undefined variable: allStatus /opt/web/erpcnapi/newerp/Runtime/Cache/Order/a40744885264f0948899f53d8bf3449f.php 第 267 行.
NOTIC: [8] Undefined variable: allStatus /opt/web/erpcnapi/newerp/Runtime/Cache/Order/a40744885264f0948899f53d8bf3449f.php 第 267 行.
NOTIC: [8] Undefined variable: allStatus /opt/web/erpcnapi/newerp/Runtime/Cache/Order/a40744885264f0948899f53d8bf3449f.php 第 267 行.
NOTIC: [8] Undefined variable: allStatus /opt/web/erpcnapi/newerp/Runtime/Cache/Order/a40744885264f0948899f53d8bf3449f.php 第 267 行.
NOTIC: [8] Undefined variable: allStatus /opt/web/erpcnapi/newerp/Runtime/Cache/Order/a40744885264f0948899f53d8bf3449f.php 第 267 行.
NOTIC: [8] Undefined variable: allStatus /opt/web/erpcnapi/newerp/Runtime/Cache/Order/a40744885264f0948899f53d8bf3449f.php 第 267 行.
NOTIC: [8] Undefined variable: allStatus /opt/web/erpcnapi/newerp/Runtime/Cache/Order/a40744885264f0948899f53d8bf3449f.php 第 267 行.
NOTIC: [8] Undefined variable: allStatus /opt/web/erpcnapi/newerp/Runtime/Cache/Order/a40744885264f0948899f53d8bf3449f.php 第 267 行.
NOTIC: [8] Undefined variable: allStatus /opt/web/erpcnapi/newerp/Runtime/Cache/Order/a40744885264f0948899f53d8bf3449f.php 第 267 行.
NOTIC: [8] Undefined variable: allStatus /opt/web/erpcnapi/newerp/Runtime/Cache/Order/a40744885264f0948899f53d8bf3449f.php 第 267 行.
NOTIC: [8] Undefined variable: allStatus /opt/web/erpcnapi/newerp/Runtime/Cache/Order/a40744885264f0948899f53d8bf3449f.php 第 267 行.
NOTIC: [8] Undefined variable: allStatus /opt/web/erpcnapi/newerp/Runtime/Cache/Order/a40744885264f0948899f53d8bf3449f.php 第 267 行.
NOTIC: [8] Undefined variable: allStatus /opt/web/erpcnapi/newerp/Runtime/Cache/Order/a40744885264f0948899f53d8bf3449f.php 第 267 行.
NOTIC: [8] Undefined variable: allStatus /opt/web/erpcnapi/newerp/Runtime/Cache/Order/a40744885264f0948899f53d8bf3449f.php 第 267 行.
NOTIC: [8] Undefined variable: allStatus /opt/web/erpcnapi/newerp/Runtime/Cache/Order/a40744885264f0948899f53d8bf3449f.php 第 267 行.
INFO: Run Behavior\ParseTemplateBehavior [ RunTime:0.603360s ]
INFO: [ view_parse ] --END-- [ RunTime:0.603786s ]
INFO: [ view_filter ] --START--
INFO: Run Behavior\WriteHtmlCacheBehavior [ RunTime:0.038141s ]
INFO: [ view_filter ] --END-- [ RunTime:0.038370s ]
INFO: [ app_end ] --START--
INFO: Run Behavior\ShowPageTraceBehavior [ RunTime:0.037701s ]
INFO: [ app_end ] --END-- [ RunTime:0.037832s ]

[ 2019-05-08T16:36:11+08:00 ] 192.168.8.93 /t.php?s=/Order/Order/getOrderStatusList&field=ebay_id&ebay_status=1723,1745,1724,2009&deliver_goods=1&order_type=0
INFO: [ app_init ] --START--
INFO: Run Behavior\BuildLiteBehavior [ RunTime:0.000149s ]
INFO: [ app_init ] --END-- [ RunTime:0.025895s ]
INFO: [ app_begin ] --START--
INFO: Run Behavior\ReadHtmlCacheBehavior [ RunTime:0.020925s ]
INFO: [ app_begin ] --END-- [ RunTime:0.021040s ]
SQL: SHOW COLUMNS FROM `erp_ebay_order` [ RunTime:0.0087s ]
NOTIC: [8] Undefined index: sort_name /opt/web/erpcnapi/newerp/Application/Order/Controller/OrderController.class.php 第 140 行.
NOTIC: [8] Undefined index: sort_value /opt/web/erpcnapi/newerp/Application/Order/Controller/OrderController.class.php 第 141 行.
NOTIC: [8] Undefined index: platform /opt/web/erpcnapi/newerp/Application/Order/Controller/OrderController.class.php 第 143 行.
NOTIC: [8] Undefined index: ebay_addtime_start /opt/web/erpcnapi/newerp/Application/Order/Controller/OrderController.class.php 第 151 行.
NOTIC: [8] Undefined index: ebay_addtime_end /opt/web/erpcnapi/newerp/Application/Order/Controller/OrderController.class.php 第 154 行.
NOTIC: [8] Undefined index: w_add_time_start /opt/web/erpcnapi/newerp/Application/Order/Controller/OrderController.class.php 第 157 行.
NOTIC: [8] Undefined index: w_add_time_end /opt/web/erpcnapi/newerp/Application/Order/Controller/OrderController.class.php 第 160 行.
NOTIC: [8] Undefined index: content /opt/web/erpcnapi/newerp/Application/Order/Controller/OrderController.class.php 第 168 行.
NOTIC: [8] Undefined index: erp_op_id /opt/web/erpcnapi/newerp/Application/Order/Controller/OrderController.class.php 第 185 行.
NOTIC: [8] Undefined index: sku /opt/web/erpcnapi/newerp/Application/Order/Controller/OrderController.class.php 第 198 行.
SQL: SELECT COUNT(*) AS tp_count FROM erp_ebay_order a inner join erp_order_type b using(ebay_id)  WHERE a.ebay_status = 1723 AND b.pick_status = 1 LIMIT 1   [ RunTime:0.0020s ]
SQL: SELECT COUNT(*) AS tp_count FROM erp_ebay_order a inner join erp_order_type b using(ebay_id)  WHERE a.ebay_status = 1723 AND b.pick_status = 2 LIMIT 1   [ RunTime:0.0019s ]
SQL: SELECT COUNT(*) AS tp_count FROM erp_ebay_order a INNER JOIN erp_order_type b using(ebay_id)  WHERE a.ebay_status = 1723 AND b.pick_status = 3 LIMIT 1   [ RunTime:0.0016s ]
SQL: SELECT COUNT(*) AS tp_count FROM erp_ebay_order a INNER JOIN erp_order_type b using(ebay_id)  WHERE a.ebay_status = 1745 AND b.type = 1 LIMIT 1   [ RunTime:0.0019s ]
SQL: SELECT COUNT(*) AS tp_count FROM erp_ebay_order a INNER JOIN erp_order_type b using(ebay_id)  WHERE a.ebay_status = 1745 AND b.type = 2 LIMIT 1   [ RunTime:0.0029s ]
SQL: SELECT COUNT(*) AS tp_count FROM erp_ebay_order a INNER JOIN erp_order_type b using(ebay_id)  WHERE a.ebay_status = 1745 AND b.type = 3 LIMIT 1   [ RunTime:0.0017s ]
SQL: SHOW COLUMNS FROM `api_checksku` [ RunTime:0.0032s ]
SQL: SELECT a.ebay_id FROM erp_ebay_order a INNER JOIN erp_order_type b using(ebay_id)  WHERE a.ebay_status = 1724 AND b.type = 1  [ RunTime:0.0247s ]
SQL: SELECT COUNT(*) AS tp_count FROM `api_checksku` WHERE `status` = 1 AND `ebay_id` IN ('16575564','17896796','17896979','17918084','17928293','17933917','17962464','17977994','17978381','17978681','18022345','18025561','18038949','18054500','18061087','18065894','18067221','18070517','18080483','18090071','18091588','18094217','18095069','18099957','18111270','18112827','18113595','18115709','18118640','18118788','18119817','18120707','18124353','18131638','18131910','18136205','18138679','18141351','18142629','18145890','18146043','18146147','18148916','18149165','18150352','18151456','18152198','18153407','18155850','18156263','18156507','18159920','18164195','18167425','18168555','18169411','18169610','18171303','18171305','18172362','18173572','18174291','18174622','18175152','18176821','18177716','18178185','18178677','18179808','18180468','18181831','18181953','18182006','18182861','18183085','18183496','18183917','18184644','18185834','18187390','18188964','18191133','18191135','18191607','18191811','18192443','18192578','18194373','18195048','18195095','18195413','18195728','18196197','18196602','18198541','18198691','18199917','18201407','18201492','18201731','18201937','18204059','18205688','18205996','18206061','18206819','18207147','18208002','18208004','18208396','18208408','18209249','18210441','18211039','18211047','18211429','18211432','18211479','18211946','18212090','18212272','18212347','18212628','18212742','18212768','18212805','18212922','18212929','18213377','18213404','18213532','18213669','18214552','18215876','18216150','18216151','18216155','18216156','18216248','18216478','18216670','18216672','18216673','18216967','18216969','18216985','18216996','18216998','18217378','18217379','18217388','18217391','18217520','18217613','18217685','18217907','18217909','18218049','18218052','18218053','18218163','18218214','18218391','18218461','18218463','18218475','18218488','18218490','18218491','18218493','18218495','18218496','18218497','18218885','18218886','18218887','18218889','18219301','18219407','18219413','18219616','18219757','18219766','18219769','18219770','18219771','18219773','18219774','18219962','18220005','18220083','18220084','18220093','18220358','18220478','18220489','18220491','18220492','18220542','18220561','18220630','18220690','18220814','18220821','18220822','18220823','18221217','18221310','18221882','18221937','18221953','18222252','18222349','18222364','18222367','18222385','18222595','18222909','18222981','18222982','18222993','18222994','18223185','18223302','18223314','18223319','18223320','18223321','18223372','18223374','18223463','18223599','18223644','18223694','18223699','18223701','18223703','18223704','18223705','18223706','18223948','18224103','18224154','18224267','18224621','18224651','18224667','18224809','18224810','18224812','18224813','18224945','18225052','18225291','18225306','18225307','18225309','18225388','18225430','18225492','18225561','18225663','18225666','18225885','18225965','18226025','18226101','18226121','18226515','18226651','18226672','18226848','18227082','18227098','18227125','18227321','18227338','18227361','18227374','18227378','18227410','18227441','18227489','18227867','18227877','18227918','18228128','18228131','18228147','18228194','18228373','18228378','18228387','18228473','18228930','18228957','18228998','18229003','18229435','18229436','18229439','18229719','18229813','18229966','18229999','18230019','18230032','18230243','18230370','18230513','18230563','18230564','18230585','18230661','18230663','18230706','18230750','18230763','18230768','18230807','18231021','18231107','18231111','18231153','18231230','18231234','18231281','18231481','18231487','18231659','18231671','18231730','18231785','18231809','18231825','18231920','18232051','18232085','18232144','18232276','18232294','18232331','18232349','18232529','18232538','18232545','18232560','18232597','18232604','18232615','18232656','18232864','18232910','18232946','18233026','18233074','18233097','18233163','18233187','18233264','18233485','18233489','18233564','18233717','18233800','18233807','18233850','18233938','18233966','18234161','18234233','18234276','18234320','18234501','18234601','18234650','18234690','18234817','18234823','18234831','18234943','18234949','18235066','18235297','18235339','18235341','18235427','18235534','18235672','18235685','18235693','18235723','18235995','18236004','18236039','18236052','18236094','18236100','18236430','18236442','18236518','18236538','18236934','18237159','18237161','18237167','18237200','18237211','18237313','18237381','18237587','18237618','18237656','18237663','18237730','18237744','18237965','18238005','18238021','18238037','18238057','18238082','18238165','18238364','18238396','18238406','18238686','18238691','18238873','18238985','18239110','18239409','18239489','18239490','18239656','18239753','18239993','18240007','18240056','18240200','18240570','18240644','18240675','18240819','18240885','18241155','18241252','18241338','18241503','18241972','18242081','18242370','18242437','18242713','18242836','18242947','18243219','18243247','18243293','18243600','18243669','18244018','18244032','18244139','18244194','18244201','18244246','18244266','18244416','18244650','18244682','18244768','18245151','18245157','18245578','18245615','18246014','18246211','18246217','18246289','18246504','18246593','18246756','18246994','18247036','18247055','18247126','18247398','18247656','18248025','18248044','18248382','18248400','18248428','18248429','18248435','18248761','18248782','18248964','18249009','18249218','18249227','18249257','18249266','18249503','18249515','18249609','18249950','18249990','18250053','18250065','18250079','18250082','18250084','18250128','18250134','18250161','18250162','18250183','18250304','18250309','18250310','18250388','18250389','18250391','18250399','18250402','18250405','18250407','18250419','18250420','18250423','18250482','18250483','18250484','18250524','18250526','18250527','18250528','18250582','18250583','18250585','18250586','18250622','18250640','18250641','18250650','18250701','18250762','18250768','18250799','18250801','18250803','18250804','18250805','18250808','18250809','18250813','18250814','18250815','18250827','18250850','18250895','18250924','18250986','18250988','18250990','18250993','18250995','18250999','18251000','18251007','18251009','18251010','18251012','18251018','18251143','18251146','18251445','18251626','18251871','18252148','18252243','18252562','18252591','18252704','18252705','18252823','18252897','18253036','18253199','18253212','18253221','18253262','18253360','18253380','18253547','18253642','18253653','18253711','18253892','18253991','18254007','18254023','18254064','18254169','18254236','18254340','18254363','18254398','18254569','18254760','18254768','18254873','18254884','18255035','18255044','18255076','18255122','18255195','18255222','18255279','18255354','18255486','18255731','18255769','18255948','18256152','18256223','18256299','18256300','18256327','18256415','18256416','18256506','18256514','18256625','18256693','18256762','18256766','18256831','18256862','18256906','18256929','18256938','18256970','18257057','18257219','18257262','18257424','18257446','18257451','18257482','18257528','18257546','18257572','18257668','18257708','18257799','18257821','18257860','18257911','18257961','18258186','18258311','18258439','18258509','18258605','18258638','18258712','18258837','18258870','18258953','18259009','18259160','18259305','18259321','18259465','18259507','18259519','18259557','18259674','18259738','18259828','18259931','18259947','18259966','18260153','18260184','18260239','18260265','18260291','18260330','18260334','18260432','18260440','18260455','18260489','18260629','18260636','18260743','18260771','18260799','18260805','18260868','18260924','18261050','18261092','18261134','18261178','18261213','18261362','18261408','18261458','18261473','18261488','18261555','18261626','18261628','18261659','18261675','18261749','18261778','18261779','18261834','18261928','18262121','18262143','18262166','18262191','18262252','18262279','18262293','18262392','18262413','18262514','18262548','18262592','18262601','18262602','18262637','18262669','18262678','18262707','18262708','18262861','18262919','18262997','18263015','18263175','18263229','18263254','18263351','18263446','18263469','18263483','18263544','18263564','18263582','18263623','18263692','18263746','18263748','18263777','18263811','18263903','18264109','18264175','18264214','18264260','18264294','18264308','18264345','18264362','18264392','18264635','18264648','18264721','18264736','18264806','18264811','18264843','18264906','18264977','18265001','18265005','18265094','18265204','18265441','18265526','18265538','18265746','18265764','18265805','18265823','18265846','18266025','18266063','18266100','18266102','18266142','18266151','18266160','18266241','18266268','18266290','18266382','18266388','18266402','18266406','18266473','18266562','18266570','18266664','18266753','18266925','18266976','18267025','18267035','18267065','18267134','18267196','18267259','18267277','18267442','18267443','18267576','18267582','18267627','18267657','18267664','18267671','18267755','18267824','18267936','18267953','18267974','18268000','18268076','18268116','18268299','18268376','18268432','18268438','18268477','18268495','18268598','18268692','18268742','18268755','18268788','18268896','18268902','18268907','18268973','18268992','18269045','18269062','18269076','18269108','18269231','18269250','18269287','18269295','18269297','18269343','18269407','18269408','18269409','18269431','18269432','18269436','18269582','18269648','18269768','18269802','18269808','18269817','18270088','18270114','18270154','18270195','18270304','18270351','18270392','18270395','18270434','18270435','18270481','18270495','18270537','18270544','18270545','18270548','18270688','18270768','18270829','18270839','18270856','18271015','18271033','18271135','18271164','18271241','18271245','18271417','18271448','18271570','18271641','18271743','18271766','18271847','18271978','18272023','18272036','18272137','18272178','18272212','18272266','18272339','18272387','18272398','18272445','18272466','18272541','18272615','18272644','18272669','18272732','18272780','18272806','18272853','18272856','18272990','18273095','18273120','18273218','18273285','18273361','18273431','18273432','18273440','18273443','18273462','18273496','18273518','18273531','18273552','18273607','18273815','18273822','18273871','18273880','18273914','18274013','18274039','18274073','18274080','18274127','18274194','18274196','18274216','18274260','18274271','18274276','18274277','18274434','18274448','18274450','18274451','18274462','18274467','18274472','18274768','18274833','18274837','18274846','18274883','18274950','18275026','18275095','18275131','18275164','18275243','18275269','18275286','18275410','18275457','18275466','18275568','18275686','18275813','18275838','18276058','18276107','18276109','18276202','18276215','18276226','18276238','18276314','18276347','18276414','18276415','18276450','18276457','18276472','18276488','18276530','18276576','18276628','18276713','18276856','18276883','18276940','18276952','18276985','18277224','18277241','18277285','18277289','18277307','18277437','18277488','18277489','18277530','18277536','18277537','18277560','18277566','18277610','18277807','18277888','18277896','18277930','18277940','18277981','18278089','18278106','18278146','18278149','18278274','18278277','18278356','18278446','18278494','18278572','18278608','18278618','18278661','18278745','18278763','18278769','18278892','18278951','18278979','18279001','18279015','18279049','18279053','18279054','18279112','18279210','18279308','18279390','18279427','18279470','18279516','18279568','18279569','18279572','18279691','18279792','18279797','18279813','18279818','18279947','18280024','18280239','18280263','18280271','18280275','18280291','18280473','18280533','18280539','18280580','18280581','18280585','18280801','18280816','18280852','18280859','18280891','18280899','18280902','18280944','18280948','18281220','18281224','18281250','18281265','18281269','18281376','18281423','18281530','18281791','18281895','18282074','18282146','18282157','18282193','18282196','18282214','18282282','18282302','18282319','18282344','18282365','18282537','18282540','18282561','18282565','18282582','18282611','18282635','18282649','18282656','18282693','18282766','18282767','18282777','18282817','18282879','18283036','18283061','18283106','18283117','18283123','18283238','18283288','18283298','18283301','18283309','18283356','18283453','18283516','18283545','18283546','18283597','18283934','18283949','18283959','18283985','18283988','18284043','18284067','18284099','18284128','18284162','18284228','18284258','18284316','18284322','18284324','18284343','18284353','18284387','18284619','18284684','18284700','18284703','18284744','18284747','18284760','18284762','18284768','18284780','18284823','18284824','18284825','18284878','18284925','18285020','18285150','18285151','18285152','18285156','18285196','18285250','18285273','18285299','18285300','18285310','18285355','18285382','18285540','18285545','18285572','18285634','18285731','18285768','18285800','18285803','18285880','18285890','18285906','18285911','18285927','18285928','18286105','18286106','18286139','18286162','18286163','18286283','18286380','18286390','18286443','18286578','18286584','18286588','18286589','18286591','18286598','18286643','18286655','18286676','18286692','18286700','18286706','18286723','18286729','18286730','18286731','18286739','18286741','18286744','18286772','18286773','18286790','18286820','18286839','18286893','18286958','18286964','18286980','18286995','18287061','18287080','18287105','18287112','18287149','18287151','18287324','18287332','18287341','18287400','18287443','18287455','18287470','18287501','18287509','18287521','18287532','18287563','18287570','18287571','18287592','18287598','18287609','18287621','18287634','18287641','18287648','18287686','18287697','18287732','18287811','18287854','18287857','18287894','18287898','18287899','18287988','18288007','18288031','18288035','18288046','18288202','18288205','18288207','18288220','18288258','18288263','18288266','18288270','18288271','18288274','18288316','18288319','18288323','18288325','18288347','18288357','18288365','18288372','18288373','18288433','18288451','18288557','18288573','18288584','18288629','18288634','18288637','18288639','18288714','18288720','18288748','18288754','18288887','18288895','18288997','18289041','18289060','18289064','18289089','18289090','18289101','18289169','18289197','18289249','18289255','18289383','18289402','18289403','18289417','18289420','18289484','18289542','18289582','18289592','18289646','18289648','18289741','18289753','18289828','18289833','18289931','18289951','18289978','18289979','18289981','18289983','18290029','18290051','18290053','18290055','18290099','18290109','18290116','18290119','18290128','18290152','18290159','18290170','18290219','18290227','18290233','18290246','18290257','18290269','18290276','18290277','18290318','18290321','18290331','18290359','18290365','18290402','18290407','18290409','18290411','18290433','18290465','18290480','18290498','18290509','18290525','18290541','18290547','18290566','18290602','18290715','18290769','18290844','18290853','18290877','18290920','18290939','18290969','18290977','18290982','18291056','18291062','18291067','18291085','18291116','18291157','18291210','18291216','18291225','18291226','18291230','18291234','18291235','18291237','18291241','18291246','18291257','18291268','18291322','18291362','18291376','18291393','18291411','18291428','18291431','18291441','18291453','18291484','18291491','18291496','18291531','18291560','18291561','18291564','18291586','18291588','18291595','18291604','18291623','18291637','18291641','18291656','18291672','18291674','18291705','18291737','18291794','18291819','18291845','18291860','18291886','18291891','18291892','18291896','18291898','18291900','18291914','18291959','18291977','18291978','18292000','18292027','18292041','18292048','18292069','18292118','18292130','18292134','18292135','18292136','18292138','18292141','18292144','18292145','18292146','18292149','18292150','18292156','18292159','18292161','18292163','18292168','18292170','18292174','18292176','18292178','18292182','18292183','18292184','18292192','18292197','18292206','18292209','18292210','18292223','18292234','18292245','18292250','18292253','18292256','18292279','18292281','18292288','18292292','18292298','18292302','18292311','18292314','18292319','18292345','18292350','18292352','18292376','18292381','18292387','18292390','18292392','18292398','18292401','18292408','18292412','18292415','18292416','18292418','18292419','18292425','18292426','18292428','18292430','18292431','18292438','18292441','18292446','18292447','18292450','18292457','18292459','18292469','18292475','18292477','18292480','18292494','18292495','18292497','18292500','18292514','18292518','18292519','18292521','18292530','18292538','18292541','18292545','18292549','18292573','18292579','18292583','18292584','18292590','18292604','18292611','18292617','18292618','18292621','18292637','18292641','18292643','18292647','18292655','18292665','18292669','18292671','18292674','18292679','18292684','18292687','18292691','18292699','18292700','18292701','18292706','18292707','18292711','18292712','18292713','18292723','18292725','18292735','18292736','18292737','18292738','18292739','18292740','18292741','18292743','18292744','18292746','18292750','18292751','18292752','18292753','18292759','18292761','18292762','18292767','18292769','18292775','18292782','18292783','18292787','18292789','18292793','18292797','18292804','18292819','18292820','18292823','18292825','18292826','18292827','18292828','18292830','18292837','18292839','18292849','18292858','18292862','18292863','18292864','18292867','18292868','18292869','18292871','18292872','18292873','18292889','18292897','18292898','18292899','18292901','18292903','18292905','18292908','18292919','18292934','18292935','18292941','18292949','18292950','18292957','18292963','18292969','18292977','18292980','18292987','18293008','18293019','18293021','18293022','18293031','18293046','18293047','18293059','18293071','18293074','18293076','18293100','18293111','18293113','18293114','18293115','18293117','18293126','18293130','18293134','18293135','18293140','18293147','18293151','18293156','18293158','18293161','18293163','18293171','18293172','18293174','18293176','18293177','18293179','18293180','18293181','18293182','18293183','18293184','18293187','18293188','18293200','18293202','18293208','18293212','18293213','18293221','18293226','18293240','18293251','18293254','18293256','18293258','18293260','18293261','18293263','18293264','18293285','18293329','18203794','18136515','18282531','18283244','18293206','18293207') LIMIT 1   [ RunTime:0.0090s ]
SQL: SELECT a.ebay_id FROM erp_ebay_order a INNER JOIN erp_order_type b using(ebay_id)  WHERE a.ebay_status = 1724 AND b.type = 2  [ RunTime:0.0455s ]
SQL: SELECT COUNT(*) AS tp_count FROM `api_checksku` WHERE `status` = 1 AND `ebay_id` IN ('17942869','17978509','17978587','17978679','17980265','17980765','17997180','18000263','18006074','18032371','18039240','18043811','18046260','18048598','18052699','18057902','18061661','18067186','18069255','18069267','18069466','18070493','18071153','18075678','18076990','18078037','18083786','18084493','18086954','18089110','18092588','18099290','18099365','18102236','18103279','18103614','18106444','18106773','18107883','18107930','18112089','18112439','18114668','18115065','18115116','18115964','18117439','18117752','18118763','18118764','18121192','18121981','18122593','18124059','18125628','18125969','18126164','18126440','18126610','18128199','18133640','18134340','18136203','18137341','18137628','18139428','18139656','18140674','18140699','18141147','18141289','18141638','18142650','18143598','18143947','18144765','18145977','18146039','18146464','18146637','18146730','18147064','18147976','18148330','18150413','18150636','18151562','18152506','18152729','18152818','18153036','18153569','18153785','18153806','18154118','18155420','18155546','18155695','18157184','18157540','18157682','18158508','18158837','18159159','18159177','18160309','18160330','18162152','18163554','18163597','18164869','18165173','18165253','18165709','18165960','18166067','18166556','18167632','18169562','18169955','18170060','18170409','18171354','18171731','18172242','18173883','18173885','18174478','18174505','18174617','18174892','18175491','18175582','18176159','18176857','18177457','18177688','18177954','18178496','18178678','18178780','18179094','18180578','18180974','18181354','18181594','18181814','18181967','18182179','18182684','18182903','18182972','18182978','18183458','18183463','18183575','18183782','18183817','18183954','18184104','18184364','18184368','18184426','18184838','18184984','18184985','18184999','18185186','18185257','18185579','18185753','18186115','18186175','18186654','18186930','18187503','18187546','18188183','18188355','18188356','18188422','18189477','18189611','18189707','18189808','18189980','18190672','18191339','18191340','18191385','18191601','18191800','18191819','18191883','18192706','18192874','18192931','18193015','18193064','18193385','18193728','18193737','18194160','18194751','18195042','18195136','18195481','18195885','18195887','18196299','18196385','18196419','18196643','18196791','18196944','18197234','18198534','18198582','18198780','18198817','18198970','18199089','18199094','18199391','18199767','18200068','18200253','18200326','18200702','18201745','18202100','18202239','18203015','18203025','18203302','18203823','18203836','18204067','18204139','18204783','18204890','18204904','18204950','18205141','18205143','18205603','18205606','18205647','18205726','18205980','18206026','18206148','18206561','18206627','18206684','18207003','18207272','18207485','18208484','18208819','18208830','18209784','18210511','18211427','18211654','18212007','18212020','18212026','18212039','18212626','18212691','18213077','18213409','18214374','18214388','18214559','18214730','18214732','18215721','18215760','18215929','18216152','18216243','18216263','18216310','18216377','18216733','18216790','18216935','18217124','18217170','18217189','18217226','18217290','18217372','18217453','18217454','18217472','18217507','18217568','18217634','18217636','18217852','18218061','18218157','18218165','18218227','18218242','18218317','18218412','18218552','18218645','18218801','18218883','18218946','18218996','18219174','18219302','18219425','18219480','18219510','18219619','18219858','18219871','18219898','18220003','18220192','18220210','18220257','18220368','18220496','18220529','18220629','18220660','18220677','18220899','18220909','18220969','18220972','18221025','18221063','18221067','18221080','18221093','18221229','18221268','18221305','18221315','18221320','18221370','18221375','18221409','18221426','18221430','18221434','18221436','18221440','18221444','18221483','18221503','18221511','18221547','18221627','18221639','18221680','18221740','18221770','18221843','18221847','18221883','18222024','18222051','18222064','18222082','18222135','18222201','18222221','18222268','18222274','18222291','18222435','18222453','18222638','18222710','18222714','18222722','18222761','18222832','18222992','18223008','18223024','18223099','18223144','18223147','18223160','18223229','18223428','18223443','18223458','18223534','18223542','18223831','18223862','18223870','18223883','18223895','18223903','18223933','18223984','18224585','18224593','18224613','18224617','18224627','18224912','18224965','18224996','18225045','18225079','18225089','18225105','18225113','18225127','18225200','18225201','18225233','18225299','18225424','18225432','18225434','18225436','18225444','18225528','18225536','18225598','18225684','18225713','18225719','18225762','18225811','18225943','18226016','18226023','18226024','18226028','18226045','18226049','18226050','18226052','18226088','18226183','18226184','18226195','18226247','18226254','18226256','18226257','18226316','18226424','18226510','18226511','18226524','18226569','18226627','18226657','18226700','18226718','18226729','18226784','18226786','18226824','18226829','18227131','18227199','18227394','18227395','18227423','18227424','18227427','18227428','18227482','18227545','18227559','18227722','18227863','18227878','18227902','18227910','18227912','18227937','18227940','18228000','18228139','18228184','18228187','18228397','18228402','18228430','18228434','18228441','18228450','18228484','18228490','18228494','18228589','18228760','18228942','18229059','18229149','18229336','18229346','18229347','18229390','18229411','18229455','18229464','18229473','18229500','18229603','18229678','18229766','18229779','18229869','18229955','18229959','18229971','18230105','18230117','18230149','18230151','18230184','18230262','18230371','18230517','18230541','18230547','18230549','18230551','18230569','18230659','18230746','18230757','18230793','18230794','18230906','18231034','18231080','18231085','18231086','18231110','18231119','18231174','18231436','18231440','18231459','18231461','18231472','18231475','18231502','18231523','18231715','18231718','18231719','18231777','18231789','18231953','18232022','18232190','18232191','18232226','18232261','18232298','18232319','18232494','18232497','18232585','18232620','18232650','18232653','18232848','18232882','18232934','18232942','18232953','18232960','18232964','18233118','18233271','18233365','18233503','18233569','18233624','18233773','18233785','18233790','18233801','18233809','18233818','18233871','18233914','18233919','18233933','18233948','18233959','18234004','18234005','18234042','18234081','18234189','18234343','18234358','18234412','18234419','18234499','18234506','18234517','18234537','18234564','18234594','18234600','18234614','18234622','18234642','18234693','18234717','18234724','18234742','18234810','18234812','18234818','18234827','18234830','18234922','18235030','18235248','18235342','18235350','18235362','18235363','18235565','18235673','18235705','18235998','18236026','18236058','18236084','18236113','18236196','18236389','18236419','18236449','18236456','18236477','18237045','18237118','18237128','18237135','18237158','18237218','18237432','18237581','18237585','18237600','18237666','18237667','18237684','18237686','18237700','18237727','18237806','18237812','18237829','18237831','18237880','18237966','18238049','18238064','18238161','18238193','18238329','18238532','18238556','18238566','18238583','18238612','18238657','18238663','18238747','18238979','18238996','18239007','18239020','18239030','18239067','18239179','18239317','18239404','18239419','18239523','18239535','18239552','18239680','18239694','18239704','18239708','18239792','18239809','18239824','18239893','18239930','18239962','18240008','18240085','18240168','18240269','18240335','18240364','18240365','18240421','18240456','18240496','18240501','18240518','18240555','18240636','18240683','18240751','18240756','18240761','18240872','18240909','18240912','18240938','18240946','18241122','18241124','18241385','18241448','18241466','18241852','18241907','18241990','18242032','18242088','18242212','18242247','18242342','18242418','18242461','18242647','18242667','18242672','18242718','18242722','18242889','18243055','18243074','18243088','18243204','18243271','18243276','18243377','18243425','18243546','18243562','18243567','18243578','18243651','18243694','18243707','18243746','18243756','18243832','18244011','18244016','18244058','18244064','18244065','18244104','18244222','18244234','18244301','18244341','18244368','18244370','18244422','18244439','18244447','18244602','18244653','18244655','18244658','18244679','18244696','18244922','18244970','18245018','18245099','18245115','18245225','18245261','18245292','18245378','18245481','18245613','18245624','18245939','18245956','18246055','18246068','18246740','18246998','18246999','18247030','18247080','18247113','18247319','18247336','18247413','18247425','18247456','18247470','18247590','18247815','18247875','18247880','18248043','18248072','18248093','18248095','18248208','18248237','18248425','18248430','18248475','18248504','18248523','18248551','18248553','18248576','18248721','18248803','18248813','18248831','18248849','18248870','18248878','18248942','18248991','18249122','18249123','18249323','18249446','18249447','18249449','18249485','18249549','18249574','18249604','18249611','18249617','18249689','18249711','18249829','18249847','18249906','18249934','18250056','18250226','18250237','18250519','18250603','18250666','18250733','18250735','18250740','18250832','18250879','18251317','18251354','18251385','18251640','18251658','18251880','18251881','18251888','18251954','18251955','18251965','18252019','18252197','18252250','18252337','18252408','18252561','18252626','18252631','18252642','18252649','18252659','18252727','18252728','18252731','18252749','18252750','18252771','18252903','18252904','18252905','18252925','18252952','18253025','18253122','18253235','18253241','18253283','18253286','18253368','18253392','18253398','18253412','18253454','18253660','18253735','18253737','18254000','18254025','18254092','18254155','18254156','18254181','18254192','18254194','18254294','18254343','18254348','18254379','18254391','18254400','18254409','18254415','18254426','18254444','18254527','18254528','18254567','18254584','18254621','18254697','18254737','18254742','18254748','18254754','18254790','18254800','18254844','18254849','18254864','18254870','18254875','18254902','18254924','18255008','18255037','18255045','18255048','18255049','18255063','18255066','18255092','18255160','18255174','18255227','18255244','18255255','18255256','18255266','18255276','18255292','18255293','18255317','18255322','18255329','18255341','18255389','18255445','18255454','18255460','18255472','18255478','18255496','18255501','18255517','18255606','18255607','18255614','18255615','18255651','18255671','18255674','18255683','18255686','18255689','18255690','18255696','18255705','18255708','18255749','18255784','18255794','18255795','18255797','18255800','18255803','18255815','18255819','18255828','18255866','18255874','18255908','18255911','18255912','18255914','18255915','18255927','18255944','18255946','18255947','18255949','18255970','18256004','18256006','18256016','18256017','18256036','18256047','18256063','18256064','18256070','18256074','18256081','18256091','18256102','18256103','18256110','18256116','18256120','18256121','18256122','18256123','18256132','18256143','18256144','18256153','18256163','18256164','18256169','18256205','18256207','18256222','18256227','18256228','18256242','18256252','18256258','18256266','18256269','18256312','18256325','18256335','18256336','18256340','18256341','18256356','18256373','18256384','18256385','18256386','18256395','18256412','18256413','18256414','18256464','18256466','18256468','18256470','18256474','18256479','18256483','18256485','18256525','18256528','18256541','18256551','18256558','18256569','18256573','18256593','18256616','18256629','18256636','18256650','18256662','18256666','18256676','18256677','18256688','18256709','18256710','18256713','18256730','18256738','18256744','18256745','18256753','18256760','18256764','18256781','18256782','18256787','18256792','18256798','18256825','18256835','18256837','18256842','18256859','18256875','18256881','18256883','18256916','18256920','18256921','18256927','18256937','18256939','18256946','18256969','18256973','18256990','18256996','18257010','18257012','18257013','18257015','18257018','18257019','18257049','18257061','18257068','18257088','18257108','18257118','18257122','18257128','18257141','18257144','18257150','18257153','18257162','18257178','18257183','18257186','18257195','18257222','18257253','18257260','18257263','18257289','18257294','18257325','18257351','18257378','18257385','18257386','18257407','18257423','18257426','18257430','18257438','18257452','18257476','18257487','18257504','18257512','18257514','18257547','18257553','18257565','18257566','18257586','18257631','18257648','18257679','18257732','18257742','18257752','18257762','18257766','18257775','18257802','18257805','18257830','18257834','18257867','18257876','18257881','18257895','18257918','18258020','18258028','18258051','18258065','18258066','18258073','18258077','18258078','18258087','18258106','18258130','18258143','18258154','18258158','18258169','18258190','18258209','18258214','18258217','18258218','18258222','18258281','18258299','18258330','18258351','18258376','18258392','18258401','18258423','18258436','18258440','18258442','18258454','18258468','18258501','18258547','18258595','18258599','18258634','18258636','18258647','18258654','18258663','18258679','18258680','18258697','18258721','18258730','18258753','18258782','18258785','18258790','18258791','18258795','18258797','18258799','18258800','18258810','18258812','18258818','18258821','18258824','18258829','18258845','18258848','18258862','18258866','18258872','18258885','18258886','18258895','18258899','18258930','18258934','18258936','18258949','18258963','18258970','18258996','18258997','18259014','18259023','18259034','18259090','18259091','18259096','18259110','18259128','18259129','18259154','18259173','18259175','18259188','18259196','18259228','18259237','18259242','18259256','18259262','18259271','18259272','18259273','18259280','18259281','18259285','18259289','18259291','18259298','18259314','18259317','18259319','18259325','18259341','18259342','18259351','18259378','18259400','18259424','18259449','18259461','18259493','18259505','18259547','18259554','18259568','18259569','18259573','18259577','18259584','18259585','18259646','18259655','18259657','18259679','18259686','18259687','18259715','18259724','18259747','18259749','18259750','18259751','18259763','18259764','18259774','18259801','18259802','18259821','18259827','18259830','18259832','18259836','18259838','18259865','18259866','18259889','18259899','18259902','18259906','18259909','18259913','18259928','18259935','18259939','18259945','18259963','18259989','18260002','18260016','18260028','18260031','18260038','18260039','18260087','18260114','18260119','18260157','18260158','18260160','18260165','18260166','18260168','18260173','18260179','18260180','18260203','18260226','18260232','18260259','18260264','18260269','18260270','18260289','18260290','18260295','18260313','18260335','18260353','18260355','18260358','18260371','18260380','18260399','18260402','18260416','18260441','18260468','18260469','18260485','18260486','18260495','18260500','18260518','18260523','18260567','18260586','18260589','18260612','18260615','18260616','18260617','18260619','18260627','18260630','18260646','18260653','18260664','18260665','18260666','18260677','18260679','18260680','18260681','18260682','18260729','18260793','18260795','18260802','18260817','18260821','18260829','18260870','18260871','18260875','18260877','18260881','18260883','18260884','18260891','18260905','18260908','18260910','18260958','18260978','18260980','18261033','18261042','18261060','18261088','18261090','18261096','18261106','18261121','18261128','18261140','18261194','18261224','18261233','18261239','18261256','18261267','18261296','18261298','18261318','18261320','18261322','18261326','18261331','18261339','18261352','18261355','18261359','18261361','18261367','18261376','18261386','18261406','18261453','18261461','18261482','18261498','18261586','18261592','18261596','18261600','18261606','18261653','18261689','18261690','18261691','18261701','18261702','18261765','18261781','18261795','18261801','18261803','18261804','18261805','18261816','18261825','18261867','18261871','18261873','18261900','18261904','18261907','18261948','18261964','18261977','18261978','18261988','18261991','18261994','18262034','18262070','18262078','18262097','18262132','18262156','18262172','18262186','18262200','18262207','18262209','18262213','18262214','18262273','18262321','18262351','18262379','18262405','18262409','18262414','18262422','18262455','18262464','18262474','18262482','18262492','18262496','18262500','18262524','18262540','18262542','18262550','18262554','18262594','18262615','18262627','18262630','18262641','18262645','18262662','18262715','18262741','18262765','18262767','18262786','18262886','18262901','18262932','18262933','18262934','18262935','18262940','18262943','18262946','18262961','18262962','18262986','18263022','18263023','18263032','18263039','18263041','18263044','18263046','18263068','18263076','18263106','18263108','18263124','18263127','18263131','18263155','18263218','18263221','18263243','18263255','18263258','18263263','18263319','18263322','18263335','18263356','18263379','18263380','18263391','18263404','18263407','18263438','18263452','18263454','18263460','18263461','18263463','18263466','18263504','18263517','18263521','18263522','18263524','18263526','18263529','18263530','18263545','18263546','18263571','18263576','18263579','18263599','18263603','18263613','18263616','18263620','18263624','18263626','18263636','18263642','18263643','18263644','18263682','18263687','18263700','18263719','18263728','18263730','18263732','18263736','18263739','18263755','18263762','18263764','18263768','18263774','18263781','18263787','18263840','18263860','18263867','18263872','18263874','18263880','18263888','18263895','18263912','18263917','18263935','18263940','18263943','18263950','18263951','18263953','18263956','18263957','18263963','18263965','18263999','18264012','18264033','18264040','18264063','18264085','18264086','18264092','18264099','18264105','18264114','18264127','18264128','18264129','18264141','18264147','18264149','18264150','18264157','18264171','18264173','18264191','18264230','18264249','18264258','18264259','18264280','18264281','18264295','18264296','18264297','18264300','18264301','18264303','18264306','18264307','18264310','18264312','18264333','18264364','18264375','18264380','18264383','18264384','18264385','18264387','18264395','18264403','18264423','18264434','18264453','18264463','18264464','18264470','18264471','18264476','18264498','18264573','18264580','18264583','18264590','18264609','18264612','18264619','18264621','18264646','18264676','18264678','18264683','18264684','18264685','18264699','18264700','18264701','18264706','18264755','18264772','18264783','18264814','18264825','18264844','18264858','18264861','18264866','18264867','18264870','18264873','18264874','18264877','18264880','18264910','18264934','18264951','18264990','18265003','18265017','18265020','18265039','18265063','18265064','18265083','18265106','18265116','18265124','18265138','18265140','18265145','18265168','18265172','18265173','18265201','18265211','18265213','18265216','18265230','18265232','18265233','18265235','18265246','18265248','18265258','18265272','18265280','18265295','18265299','18265301','18265304','18265322','18265354','18265362','18265384','18265390','18265399','18265400','18265401','18265423','18265425','18265472','18265497','18265514','18265533','18265542','18265544','18265555','18265565','18265581','18265582','18265631','18265636','18265647','18265702','18265707','18265720','18265782','18265784','18265803','18265810','18265819','18265824','18265826','18265827','18265830','18265832','18265842','18265845','18265852','18265854','18265875','18265876','18265898','18265899','18265909','18265961','18265970','18265988','18266009','18266019','18266023','18266024','18266070','18266083','18266109','18266145','18266175','18266186','18266189','18266226','18266274','18266276','18266277','18266291','18266302','18266307','18266311','18266322','18266344','18266408','18266436','18266439','18266470','18266478','18266481','18266529','18266557','18266558','18266607','18266647','18266655','18266667','18266673','18266683','18266687','18266705','18266712','18266730','18266732','18266749','18266751','18266760','18266780','18266786','18266796','18266816','18266818','18266822','18266826','18266834','18266850','18266856','18266862','18266909','18266910','18266913','18266924','18266933','18266940','18266965','18266973','18267023','18267030','18267032','18267112','18267131','18267184','18267208','18267214','18267219','18267228','18267236','18267266','18267281','18267286','18267287','18267306','18267323','18267326','18267374','18267431','18267476','18267486','18267518','18267531','18267546','18267565','18267578','18267580','18267649','18267655','18267670','18267675','18267701','18267797','18267814','18267818','18267819','18267821','18267867','18267877','18267890','18267902','18267907','18267913','18267917','18267954','18267960','18267968','18268006','18268038','18268053','18268065','18268066','18268078','18268087','18268088','18268094','18268108','18268113','18268115','18268122','18268131','18268139','18268144','18268157','18268159','18268184','18268186','18268203','18268206','18268207','18268219','18268229','18268231','18268232','18268236','18268242','18268285','18268298','18268306','18268314','18268332','18268343','18268344','18268350','18268352','18268365','18268378','18268384','18268435','18268441','18268443','18268459','18268509','18268510','18268522','18268525','18268538','18268550','18268555','18268573','18268581','18268588','18268589','18268624','18268638','18268652','18268660','18268672','18268700','18268705','18268713','18268733','18268735','18268738','18268740','18268758','18268765','18268779','18268795','18268845','18268852','18268859','18268860','18268895','18268900','18268901','18268903','18268906','18268910','18268911','18268912','18269017','18269031','18269032','18269067','18269078','18269085','18269086','18269109','18269111','18269136','18269139','18269140','18269186','18269192','18269193','18269196','18269198','18269217','18269232','18269235','18269257','18269258','18269281','18269333','18269362','18269375','18269406','18269417','18269418','18269419','18269422','18269445','18269446','18269447','18269448','18269451','18269467','18269470','18269471','18269472','18269477','18269489','18269502','18269515','18269561','18269581','18269591','18269595','18269600','18269602','18269606','18269608','18269626','18269629','18269635','18269636','18269649','18269696','18269699','18269700','18269711','18269722','18269736','18269751','18269760','18269769','18269801','18269806','18269809','18269835','18269851','18269862','18269872','18269900','18269927','18269978','18269981','18269986','18270003','18270019','18270053','18270059','18270062','18270068','18270074','18270084','18270085','18270096','18270097','18270128','18270146','18270175','18270187','18270253','18270261','18270298','18270316','18270318','18270320','18270338','18270365','18270367','18270393','18270394','18270459','18270469','18270524','18270563','18270582','18270718','18270721','18270842','18270863','18270894','18270896','18270920','18270929','18270939','18270947','18270961','18270970','18270975','18270991','18271006','18271009','18271027','18271028','18271081','18271107','18271112','18271120','18271124','18271139','18271145','18271151','18271168','18271181','18271230','18271233','18271235','18271277','18271307','18271318','18271340','18271363','18271374','18271375','18271413','18271414','18271418','18271419','18271436','18271446','18271449','18271456','18271504','18271520','18271524','18271543','18271552','18271608','18271617','18271620','18271621','18271671','18271672','18271707','18271708','18271738','18271768','18271779','18271783','18271795','18271839','18271842','18271843','18271848','18271854','18271861','18271874','18271905','18271909','18271915','18272020','18272057','18272066','18272077','18272079','18272136','18272139','18272151','18272168','18272206','18272214','18272215','18272224','18272242','18272273','18272313','18272324','18272329','18272347','18272363','18272379','18272388','18272406','18272467','18272476','18272480','18272482','18272505','18272529','18272640','18272643','18272655','18272657','18272659','18272662','18272670','18272671','18272675','18272704','18272705','18272708','18272716','18272728','18272748','18272750','18272752','18272787','18272801','18272804','18272810','18272813','18272816','18272818','18272819','18272849','18272854','18272857','18272860','18272902','18272908','18272935','18272936','18272938','18272947','18272949','18272952','18272954','18272979','18272984','18272998','18273038','18273045','18273047','18273052','18273065','18273066','18273073','18273081','18273088','18273111','18273119','18273136','18273137','18273169','18273180','18273200','18273211','18273212','18273216','18273228','18273229','18273232','18273242','18273252','18273256','18273303','18273325','18273331','18273334','18273363','18273392','18273394','18273405','18273412','18273427','18273445','18273464','18273478','18273501','18273505','18273527','18273538','18273548','18273554','18273583','18273588','18273613','18273618','18273620','18273621','18273626','18273634','18273645','18273661','18273684','18273712','18273713','18273754','18273757','18273769','18273774','18273780','18273789','18273792','18273841','18273843','18273844','18273861','18273868','18273873','18273874','18273876','18273885','18273886','18273888','18273894','18273895','18273917','18273929','18273936','18273970','18274001','18274009','18274051','18274090','18274162','18274177','18274180','18274183','18274185','18274279','18274282','18274284','18274285','18274287','18274288','18274290','18274310','18274319','18274323','18274327','18274328','18274341','18274342','18274352','18274358','18274359','18274367','18274383','18274443','18274453','18274456','18274457','18274460','18274463','18274464','18274475','18274488','18274492','18274495','18274529','18274559','18274582','18274597','18274600','18274624','18274631','18274638','18274639','18274644','18274647','18274661','18274664','18274670','18274677','18274693','18274730','18274734','18274752','18274754','18274782','18274783','18274795','18274822','18274824','18274839','18274873','18274887','18274888','18274918','18274921','18274931','18274961','18275003','18275009','18275011','18275021','18275060','18275116','18275121','18275125','18275140','18275141','18275175','18275202','18275222','18275232','18275242','18275298','18275300','18275318','18275376','18275379','18275418','18275431','18275437','18275442','18275518','18275537','18275581','18275582','18275583','18275648','18275687','18275713','18275716','18275744','18275751','18275766','18275771','18275796','18275845','18275864','18275890','18275910','18275939','18275980','18275988','18275991','18275995','18276001','18276018','18276032','18276041','18276055','18276062','18276067','18276082','18276089','18276093','18276148','18276152','18276157','18276169','18276192','18276212','18276214','18276216','18276220','18276241','18276284','18276294','18276354','18276361','18276404','18276408','18276416','18276440','18276467','18276468','18276478','18276481','18276484','18276485','18276521','18276525','18276529','18276533','18276571','18276640','18276641','18276671','18276675','18276706','18276783','18276845','18276875','18276884','18276903','18276912','18276922','18276923','18276979','18276983','18276999','18277065','18277084','18277091','18277099','18277123','18277147','18277192','18277195','18277215','18277231','18277293','18277303','18277317','18277335','18277385','18277389','18277409','18277417','18277477','18277481','18277502','18277533','18277541','18277550','18277551','18277552','18277555','18277557','18277572','18277602','18277616','18277618','18277777','18277790','18277840','18277859','18277864','18277866','18277872','18277881','18277905','18277941','18277961','18277970','18277972','18277980','18277992','18278019','18278044','18278047','18278052','18278054','18278063','18278064','18278065','18278074','18278076','18278088','18278090','18278094','18278096','18278098','18278099','18278119','18278124','18278125','18278130','18278160','18278161','18278162','18278166','18278167','18278168','18278174','18278179','18278199','18278203','18278205','18278262','18278271','18278278','18278283','18278290','18278305','18278310','18278317','18278326','18278352','18278371','18278372','18278373','18278378','18278379','18278384','18278417','18278425','18278428','18278429','18278432','18278458','18278464','18278465','18278466','18278481','18278496','18278502','18278511','18278516','18278548','18278549','18278579','18278593','18278596','18278601','18278620','18278621','18278627','18278628','18278635','18278639','18278656','18278668','18278671','18278672','18278688','18278690','18278702','18278705','18278717','18278732','18278734','18278755','18278762','18278784','18278785','18278811','18278851','18278855','18278870','18278875','18278876','18278885','18278889','18278901','18278937','18279005','18279034','18279040','18279043','18279045','18279046','18279047','18279048','18279051','18279052','18279056','18279058','18279059','18279075','18279094','18279118','18279119','18279126','18279146','18279153','18279158','18279193','18279338','18279359','18279365','18279367','18279369','18279370','18279373','18279374','18279377','18279380','18279381','18279382','18279383','18279384','18279386','18279387','18279388','18279397','18279402','18279403','18279413','18279442','18279450','18279508','18279571','18279573','18279575','18279579','18279587','18279592','18279594','18279638','18279642','18279645','18279739','18279756','18279767','18279770','18279780','18279799','18279816','18279825','18279830','18279833','18279861','18279866','18279874','18279875','18279878','18279881','18279901','18279907','18279908','18279927','18279941','18279944','18279962','18279994','18280019','18280048','18280065','18280071','18280108','18280143','18280167','18280170','18280223','18280236','18280245','18280292','18280332','18280372','18280373','18280382','18280384','18280406','18280425','18280438','18280444','18280460','18280502','18280516','18280532','18280545','18280551','18280678','18280685','18280734','18280735','18280780','18280797','18280799','18280814','18280822','18280838','18280878','18280879','18280881','18280913','18280949','18280958','18280975','18280992','18281006','18281033','18281037','18281040','18281041','18281123','18281142','18281163','18281177','18281183','18281184','18281189','18281204','18281208','18281212','18281229','18281285','18281306','18281309','18281347','18281367','18281372','18281379','18281385','18281388','18281391','18281392','18281405','18281411','18281416','18281425','18281436','18281439','18281443','18281459','18281460','18281461','18281500','18281508','18281528','18281532','18281629','18281640','18281650','18281691','18281694','18281696','18281775','18281777','18281789','18281802','18281804','18281844','18281859','18281861','18281862','18281882','18281949','18281964','18282061','18282079','18282096','18282098','18282145','18282168','18282184','18282188','18282200','18282267','18282300','18282308','18282325','18282350','18282354','18282357','18282374','18282491','18282505','18282533','18282542','18282554','18282605','18282692','18282750','18282764','18282779','18282788','18282818','18282820','18282848','18282857','18282908','18282975','18282979','18282981','18282983','18282984','18282989','18283045','18283070','18283087','18283093','18283098','18283109','18283135','18283223','18283224','18283286','18283308','18283317','18283319','18283327','18283354','18283359','18283395','18283405','18283414','18283434','18283464','18283465','18283472','18283474','18283476','18283491','18283541','18283562','18283574','18283579','18283587','18283590','18283605','18283615','18283620','18283622','18283631','18283881','18283883','18283889','18283923','18283930','18283964','18283967','18283978','18283979','18283980','18283982','18284020','18284035','18284039','18284041','18284046','18284066','18284069','18284093','18284097','18284098','18284106','18284168','18284170','18284171','18284172','18284173','18284175','18284212','18284215','18284220','18284254','18284279','18284284','18284287','18284293','18284296','18284298','18284300','18284303','18284304','18284305','18284314','18284327','18284330','18284334','18284354','18284365','18284368','18284369','18284378','18284381','18284382','18284383','18284400','18284414','18284521','18284532','18284629','18284633','18284644','18284657','18284688','18284699','18284707','18284732','18284738','18284779','18284791','18284798','18284814','18284828','18284874','18284887','18284929','18284932','18284939','18284942','18284954','18284972','18285033','18285053','18285095','18285106','18285111','18285116','18285149','18285169','18285187','18285195','18285221','18285223','18285242','18285245','18285261','18285279','18285295','18285311','18285344','18285359','18285365','18285367','18285372','18285374','18285468','18285469','18285471','18285476','18285483','18285523','18285567','18285568','18285571','18285573','18285585','18285622','18285716','18285719','18285769','18285802','18285809','18285815','18285843','18285852','18285876','18285878','18285888','18285912','18285933','18285937','18286050','18286052','18286100','18286123','18286134','18286160','18286175','18286210','18286238','18286253','18286282','18286303','18286354','18286358','18286362','18286366','18286389','18286391','18286393','18286401','18286408','18286419','18286428','18286455','18286461','18286463','18286555','18286630','18286701','18286702','18286703','18286766','18286770','18286791','18286823','18286827','18286885','18286896','18286949','18286955','18286971','18286973','18286992','18286994','18287014','18287039','18287050','18287082','18287098','18287099','18287104','18287107','18287110','18287145','18287146','18287148','18287153','18287154','18287162','18287176','18287179','18287183','18287196','18287202','18287390','18287467','18287473','18287474','18287476','18287479','18287487','18287510','18287530','18287536','18287553','18287566','18287573','18287587','18287606','18287618','18287619','18287623','18287628','18287637','18287654','18287657','18287662','18287663','18287676','18287682','18287693','18287696','18287699','18287812','18287829','18287870','18287920','18287925','18287942','18287984','18287987','18287990','18287994','18287998','18288013','18288015','18288043','18288049','18288053','18288170','18288175','18288219','18288237','18288245','18288331','18288333','18288334','18288336','18288354','18288470','18288526','18288564','18288579','18288587','18288596','18288611','18288613','18288615','18288638','18288645','18288650','18288654','18288659','18288663','18288674','18288706','18288707','18288708','18288713','18288729','18288763','18288767','18288776','18288788','18288883','18288902','18288942','18288953','18288977','18288984','18288995','18289007','18289027','18289046','18289061','18289106','18289131','18289132','18289143','18289160','18289166','18289170','18289178','18289230','18289264','18289332','18289340','18289342','18289347','18289368','18289376','18289387','18289404','18289419','18289422','18289433','18289474','18289506','18289513','18289515','18289523','18289541','18289575','18289603','18289606','18289608','18289659','18289674','18289685','18289695','18289705','18289731','18289756','18289782','18289787','18289788','18289790','18289801','18289812','18289829','18289843','18289905','18289913','18289949','18289974','18290002','18290004','18290157','18290164','18290181','18290203','18290265','18290274','18290326','18290341','18290342','18290343','18290388','18290406','18290419','18290438','18290444','18290450','18290512','18290522','18290530','18290534','18290536','18290542','18290543','18290544','18290573','18290590','18290603','18290622','18290685','18290696','18290721','18290743','18290750','18290756','18290757','18290768','18290772','18290784','18290802','18290808','18290839','18290855','18290856','18290896','18290913','18290925','18290932','18290943','18290970','18290971','18290973','18291004','18291026','18291027','18291028','18291035','18291053','18291078','18291090','18291099','18291114','18291124','18291130','18291143','18291147','18291160','18291163','18291228','18291308','18291327','18291329','18291343','18291348','18291352','18291364','18291365','18291386','18291395','18291403','18291405','18291416','18291425','18291434','18291455','18291458','18291463','18291517','18291571','18291611','18291619','18291627','18291633','18291634','18291659','18291660','18291663','18291694','18291715','18291735','18291761','18291773','18291785','18291789','18291793','18291801','18291818','18291830','18291836','18291853','18291897','18291903','18291915','18291916','18291923','18291927','18291935','18291943','18291951','18291963','18291991','18292015','18292028','18292032','18292045','18292140','18292142','18292186','18292212','18292213','18292229','18292266','18292293','18292316','18292323','18292328','18292349','18292375','18292386','18292389','18292400','18292460','18292468','18292472','18292476','18292484','18292506','18292524','18292528','18292554','18292555','18292572','18292586','18292589','18292591','18292613','18292648','18292657','18292663','18292677','18292690','18292697','18292709','18292716','18292717','18292748','18292764','18292768','18292796','18292822','18292838','18292850','18292854','18292860','18292885','18292920','18292947','18292948','18292956','18292967','18292993','18293027','18293034','18293038','18293060','18293082','18293148','18293164','18293216','18293223','18293231','18293249','18293250','18293277','18176968','18202818','18242097','18273498','18101627','18285003','18286087','18286088','18292071') LIMIT 1   [ RunTime:0.0176s ]
SQL: SELECT a.ebay_id FROM erp_ebay_order a INNER JOIN erp_order_type b using(ebay_id)  WHERE a.ebay_status = 1724 AND b.type = 3  [ RunTime:0.0214s ]
SQL: SELECT COUNT(*) AS tp_count FROM `api_checksku` WHERE `status` = 1 AND `ebay_id` IN ('17461483','17816979','17834083','17860002','17893791','17897245','17903922','17927802','17946192','17949519','17951421','17952206','17957507','17957566','17957637','17959625','17966041','17967317','17970579','17978319','17986140','17994404','17997526','18003914','18005645','18006150','18006576','18007907','18016621','18016903','18019823','18020785','18028010','18029465','18031883','18033415','18034763','18037950','18039382','18042881','18044393','18044776','18045217','18046140','18046712','18046769','18048148','18052599','18053174','18055824','18065416','18067110','18068483','18069275','18070058','18070924','18071582','18071701','18071742','18073323','18074271','18074565','18074636','18076637','18076835','18078078','18078255','18080150','18080983','18081632','18081658','18083372','18085184','18086315','18087135','18089665','18090599','18092455','18093089','18093526','18097904','18099337','18100103','18100506','18103313','18104328','18104684','18104700','18106484','18106505','18106581','18106646','18106647','18106702','18106724','18106748','18106760','18106781','18106810','18107465','18107567','18107590','18107599','18107694','18107696','18107697','18107705','18108211','18108239','18108454','18108497','18108826','18110105','18110127','18110160','18110518','18110720','18111944','18111974','18112114','18113884','18114350','18114407','18114638','18114662','18115034','18115131','18115281','18115298','18115591','18115653','18115677','18115708','18115723','18115921','18115933','18116010','18116136','18116280','18116302','18116699','18116793','18116799','18116877','18117136','18117599','18118779','18119121','18119689','18119868','18120007','18120703','18120762','18120847','18120849','18121024','18121652','18121750','18121922','18121977','18122987','18124312','18124669','18125435','18125640','18125660','18125898','18125933','18125940','18126247','18126264','18126273','18126275','18126321','18126326','18126328','18126347','18126355','18126381','18126387','18127947','18127990','18128626','18128669','18129262','18129322','18129984','18131299','18131304','18131556','18131558','18131559','18131625','18131708','18131806','18133070','18133080','18133088','18133760','18134368','18136750','18137671','18137690','18137874','18139735','18140047','18140812','18140823','18140863','18140882','18141567','18141630','18141751','18142471','18142645','18143303','18144002','18145044','18145063','18146176','18146205','18146451','18146549','18147319','18147396','18147876','18147919','18148255','18148313','18148574','18148664','18149718','18150125','18150207','18150263','18150735','18150884','18151142','18151401','18151557','18153346','18153424','18153545','18153814','18154114','18154549','18155004','18155708','18157703','18157783','18159471','18159899','18160045','18160046','18160047','18160310','18161995','18162016','18165087','18165096','18165461','18166115','18166124','18166452','18167051','18168891','18170484','18170606','18171619','18171672','18172292','18172338','18173668','18174986','18175548','18175679','18175680','18176275','18176658','18178250','18178648','18179305','18180127','18180190','18180191','18180590','18180890','18181035','18181056','18181352','18183030','18183064','18183075','18183390','18183527','18183803','18183820','18184233','18184279','18184310','18184332','18184441','18184490','18184567','18184593','18185009','18185032','18185078','18185094','18185106','18185107','18185206','18185243','18185262','18185346','18185372','18185597','18185624','18185626','18185815','18185816','18185851','18185938','18186158','18186314','18186354','18186829','18187014','18187302','18187308','18187323','18187339','18187400','18187404','18187420','18187513','18187749','18188203','18188235','18188395','18188841','18188904','18189114','18189132','18189299','18189397','18189470','18190090','18190105','18190111','18190529','18190648','18190761','18191096','18191123','18191403','18191475','18191589','18191684','18191689','18191897','18192387','18192388','18192570','18192638','18192674','18193032','18193171','18193279','18193284','18193372','18193383','18193403','18193422','18193503','18193505','18193529','18193531','18193556','18193559','18193561','18193613','18193751','18193838','18193944','18194497','18194606','18194615','18194616','18194771','18194803','18194896','18194912','18194922','18195177','18195182','18195223','18195472','18195753','18195983','18196012','18196335','18196490','18196655','18197210','18197286','18197338','18197510','18197623','18197867','18198109','18198563','18198704','18198706','18198741','18198746','18198761','18198790','18198803','18198861','18199006','18199798','18199868','18199875','18199931','18199964','18200033','18200146','18200843','18200846','18200949','18201371','18201385','18201398','18201870','18202959','18202980','18203576','18203917','18204022','18204155','18204193','18204250','18204813','18205044','18205104','18205310','18205343','18205444','18205697','18206131','18206597','18206870','18206946','18207146','18207156','18207216','18207217','18207756','18207814','18208591','18208638','18208728','18208996','18209071','18209073','18209085','18209597','18209753','18209824','18209840','18209841','18209871','18209874','18210203','18211055','18211143','18211262','18212801','18212981','18213051','18213512','18213697','18213745','18214075','18214122','18214236','18214289','18214369','18214380','18214400','18214953','18215019','18215931','18216227','18216254','18216271','18216759','18217092','18217171','18217499','18217500','18217527','18217558','18217617','18218264','18218275','18218316','18218373','18218553','18218554','18218566','18219622','18219714','18220566','18220945','18220956','18221031','18221035','18221145','18221264','18221277','18221306','18221360','18221380','18221586','18221610','18221637','18221679','18221936','18221958','18222069','18222178','18222193','18222225','18222251','18222255','18222288','18222781','18223170','18223904','18223929','18224106','18224285','18224592','18224801','18224952','18224953','18224967','18225047','18225051','18225062','18225066','18225068','18225071','18225101','18225119','18225157','18225189','18225357','18225358','18225480','18225500','18225510','18225530','18225693','18225763','18225786','18225826','18225904','18226022','18226058','18226081','18226369','18226451','18226565','18226612','18226779','18226828','18226924','18227387','18227496','18227725','18227746','18227880','18227952','18228749','18228770','18228923','18228997','18229006','18229062','18229107','18229162','18229315','18229317','18229410','18229418','18229443','18229447','18229454','18229498','18229884','18229893','18229903','18229915','18229929','18229933','18229936','18229937','18229962','18229987','18230033','18230148','18230348','18230459','18230472','18230688','18230714','18230841','18230954','18230955','18231096','18231176','18231200','18231428','18231506','18231680','18231739','18231744','18232218','18232303','18232361','18232887','18232888','18232913','18232989','18232991','18233321','18233396','18233472','18233830','18233837','18233846','18233895','18233920','18233922','18233958','18234073','18234266','18234267','18234277','18234287','18234316','18234344','18234355','18234376','18234378','18234465','18234468','18234637','18234727','18234758','18234777','18234844','18234926','18235309','18235456','18235510','18235542','18235557','18235637','18235703','18235731','18235739','18235752','18236470','18237097','18237111','18237184','18237953','18238025','18238611','18238975','18238984','18239105','18239494','18239511','18239514','18239572','18239606','18239616','18239621','18239844','18239854','18239877','18239887','18239933','18239945','18239984','18240430','18240432','18240464','18240564','18240579','18240776','18240803','18240836','18240860','18240863','18240891','18241276','18241378','18241381','18241975','18242214','18242694','18242737','18243523','18243569','18243638','18244041','18244119','18244128','18244147','18244181','18244182','18244270','18244309','18244311','18244434','18244438','18244446','18245091','18245093','18245094','18245152','18245177','18245318','18245674','18246338','18246451','18247005','18247060','18247816','18248023','18248049','18248074','18248431','18248438','18248487','18248580','18248582','18248783','18248791','18248940','18248943','18249072','18249377','18249455','18249509','18249528','18249537','18249625','18249646','18249653','18249982','18249994','18250062','18250244','18250618','18250734','18250753','18251216','18251245','18251293','18251723','18251815','18251820','18252185','18252252','18252284','18252414','18252486','18252547','18252555','18252564','18252641','18252743','18252775','18253159','18253200','18253545','18254126','18254342','18254368','18254421','18254428','18254508','18254539','18254746','18254765','18254999','18255057','18255330','18255423','18255805','18256034','18256178','18256262','18256363','18256371','18256613','18256624','18256630','18256651','18256707','18256843','18256846','18256853','18257165','18257435','18257611','18257868','18257948','18257967','18258193','18258289','18258340','18258555','18258674','18258834','18259156','18259183','18259185','18259189','18259313','18259366','18259374','18259564','18259592','18259677','18259752','18259762','18259798','18259804','18259831','18259937','18259951','18260129','18260137','18260140','18260161','18260169','18260274','18260327','18260336','18260408','18260415','18260418','18260435','18260443','18260625','18260689','18260836','18260998','18261095','18261105','18261137','18261222','18261384','18261492','18261780','18261826','18262249','18262276','18262349','18262780','18263405','18263486','18263499','18263511','18263549','18263590','18263604','18263628','18263629','18263699','18263753','18263825','18263827','18263858','18263934','18264000','18264178','18264220','18264246','18264468','18264520','18264656','18264677','18264679','18264705','18264707','18264756','18264945','18264967','18265007','18265013','18265018','18265067','18265120','18265191','18265239','18265276','18265328','18265339','18265406','18265537','18265641','18265750','18265818','18265860','18265956','18266347','18266383','18266969','18267218','18267365','18267529','18267620','18267623','18267653','18267677','18267732','18267822','18267900','18267939','18268012','18268025','18268109','18268123','18268155','18268319','18268347','18268386','18268425','18268511','18268529','18268545','18268572','18268574','18268603','18268695','18268697','18268729','18268897','18269132','18269410','18269493','18269623','18269800','18269895','18270058','18270174','18270534','18270535','18270572','18270723','18270726','18270989','18271012','18271106','18271141','18271195','18271213','18271546','18272085','18272187','18272271','18272326','18272415','18272612','18272624','18272782','18272797','18272874','18272880','18272915','18273058','18273067','18273207','18273244','18273284','18273326','18273367','18273390','18273406','18273452','18273746','18274347','18274494','18274637','18274729','18274894','18274933','18274969','18274997','18275158','18275178','18275238','18276044','18276106','18276159','18276160','18276162','18276470','18276487','18276547','18276658','18276692','18276850','18276897','18276950','18276973','18277048','18277446','18277484','18277588','18277613','18277691','18277909','18278061','18278105','18278115','18278129','18278188','18278390','18278426','18278427','18278442','18278457','18278507','18278542','18278782','18278880','18278931','18279066','18279515','18279606','18279652','18279764','18279817','18279923','18279953','18280467','18280508','18281154','18281170','18281174','18281234','18281244','18281310','18281912','18282093','18282172','18282346','18282358','18282360','18282384','18282496','18282535','18282807','18282850','18282932','18282965','18282982','18282993','18283016','18283074','18283082','18283108','18283220','18283240','18283282','18283292','18283294','18283306','18283320','18283514','18283628','18283633','18283636','18283878','18283882','18283894','18283895','18283899','18283918','18283938','18283939','18283941','18283942','18283943','18283946','18283975','18283991','18284040','18284042','18284062','18284154','18284164','18284194','18284223','18284234','18284251','18284253','18284289','18284317','18284323','18284336','18284338','18284341','18284344','18284347','18284351','18284370','18284377','18284386','18284390','18284404','18284636','18284643','18284668','18284674','18284722','18284745','18284796','18284971','18285041','18285079','18285084','18285104','18285110','18285148','18285167','18285168','18285171','18285188','18285252','18285274','18285280','18285285','18285291','18285305','18285874','18285887','18285924','18286056','18286071','18286075','18286089','18286096','18286167','18286169','18286208','18286305','18286326','18286334','18286386','18286392','18286407','18286409','18286412','18286416','18286425','18286429','18286430','18286436','18286439','18286445','18286447','18286452','18286458','18286552','18286557','18286571','18286866','18286868','18286894','18287028','18287031','18287033','18287054','18287081','18287226','18287395','18287572','18287658','18287670','18287683','18287819','18287996','18288210','18288476','18288516','18288560','18288624','18288627','18288633','18288672','18288684','18288690','18288771','18288994','18289029','18289227','18289229','18289258','18289354','18289407','18289429','18289518','18289572','18289577','18289610','18289722','18289825','18289845','18289908','18289930','18289933','18289934','18289940','18289947','18290009','18290100','18290214','18290275','18290314','18290340','18290377','18290380','18290413','18290422','18290427','18290435','18290462','18290467','18290504','18290598','18290681','18290683','18290773','18291057','18291140','18291167','18291377','18291391','18291570','18291649','18291695','18291797','18291811','18291828','18291837','18291839','18291854','18291865','18291893','18291894','18291947','18292030','18292052','18292054','18292072','18292126','18292127','18292228','18292254','18292517','18292923','18292960','18293178','18293328','17549586','18024398','18142273','18182844','18184895','18186084','18198426','18250745','18257771','18289185','18143316','18214629','18283099','18283951','18286072','18286073','18291198','18292236') LIMIT 1   [ RunTime:0.0057s ]
SQL: SELECT COUNT(*) AS tp_count FROM erp_ebay_order a INNER JOIN erp_order_type b using(ebay_id)  WHERE a.ebay_status = 2009 LIMIT 1   [ RunTime:0.0016s ]

