[ 2019-01-30T11:26:37+08:00 ] 192.168.9.157 /t.php?s=/Report/ComingWmsOrderQty/index
INFO: [ app_init ] --START--
INFO: Run Behavior\BuildLiteBehavior [ RunTime:0.000059s ]
INFO: [ app_init ] --END-- [ RunTime:0.003174s ]
INFO: [ app_begin ] --START--
INFO: Run Behavior\ReadHtmlCacheBehavior [ RunTime:0.004926s ]
INFO: [ app_begin ] --END-- [ RunTime:0.005054s ]
NOTIC: [8] Undefined index: start_time /opt/web/erpcnapi/newerp/Application/Report/Controller/ComingWmsOrderQtyController.class.php 第 23 行.
NOTIC: [8] Undefined index: end_time /opt/web/erpcnapi/newerp/Application/Report/Controller/ComingWmsOrderQtyController.class.php 第 32 行.
SQL: SHOW COLUMNS FROM `erp_ebay_order` [ RunTime:0.0017s ]
SQL: SELECT COUNT(*) AS tp_count FROM erp_ebay_order a inner join erp_order_type as b on a.ebay_id = b.ebay_id  WHERE a.w_update_time BETWEEN '2019-01-23 10:00:00' AND '2019-01-23 11:00:00' LIMIT 1   [ RunTime:0.0324s ]
SQL: SELECT COUNT(*) AS tp_count FROM erp_ebay_order a inner join erp_order_type as b on a.ebay_id = b.ebay_id  WHERE a.w_update_time BETWEEN '2019-01-24 10:00:00' AND '2019-01-24 11:00:00' LIMIT 1   [ RunTime:0.0020s ]
SQL: SELECT COUNT(*) AS tp_count FROM erp_ebay_order a inner join erp_order_type as b on a.ebay_id = b.ebay_id  WHERE a.w_update_time BETWEEN '2019-01-25 10:00:00' AND '2019-01-25 11:00:00' LIMIT 1   [ RunTime:0.0015s ]
SQL: SELECT COUNT(*) AS tp_count FROM erp_ebay_order a inner join erp_order_type as b on a.ebay_id = b.ebay_id  WHERE a.w_update_time BETWEEN '2019-01-26 10:00:00' AND '2019-01-26 11:00:00' LIMIT 1   [ RunTime:0.0008s ]
SQL: SELECT COUNT(*) AS tp_count FROM erp_ebay_order a inner join erp_order_type as b on a.ebay_id = b.ebay_id  WHERE a.w_update_time BETWEEN '2019-01-27 10:00:00' AND '2019-01-27 11:00:00' LIMIT 1   [ RunTime:0.0007s ]
SQL: SELECT COUNT(*) AS tp_count FROM erp_ebay_order a inner join erp_order_type as b on a.ebay_id = b.ebay_id  WHERE a.w_update_time BETWEEN '2019-01-28 10:00:00' AND '2019-01-28 11:00:00' LIMIT 1   [ RunTime:0.0007s ]
SQL: SELECT COUNT(*) AS tp_count FROM erp_ebay_order a inner join erp_order_type as b on a.ebay_id = b.ebay_id  WHERE a.w_update_time BETWEEN '2019-01-29 10:00:00' AND '2019-01-29 11:00:00' LIMIT 1   [ RunTime:0.0006s ]
SQL: SELECT COUNT(*) AS tp_count FROM erp_ebay_order a inner join erp_order_type as b on a.ebay_id = b.ebay_id  WHERE a.w_update_time BETWEEN '2019-01-30 10:00:00' AND '2019-01-30 11:00:00' LIMIT 1   [ RunTime:0.0006s ]
INFO: [ view_parse ] --START--
INFO: [ template_filter ] --START--
INFO: Run Behavior\ContentReplaceBehavior [ RunTime:0.000071s ]
INFO: [ template_filter ] --END-- [ RunTime:0.000185s ]
NOTIC: [8] A session had already been started - ignoring session_start() /opt/web/erpcnapi/include/config.php 第 2 行.
NOTIC: [8] Undefined variable: appKey /opt/web/erpcnapi/include/config.php 第 20 行.
NOTIC: [8] Undefined variable: appKey /opt/web/erpcnapi/include/config.php 第 21 行.
NOTIC: [8192] Assigning the return value of new by reference is deprecated /opt/web/erpcnapi/include/xmlhandle.php 第 3 行.
NOTIC: [2] mysql_fetch_assoc() expects parameter 1 to be resource, boolean given /opt/web/erpcnapi/include/dbconnect.php 第 115 行.
NOTIC: [2] mysql_free_result() expects parameter 1 to be resource, boolean given /opt/web/erpcnapi/include/dbconnect.php 第 120 行.
NOTIC: [8] Undefined offset: 0 /opt/web/erpcnapi/include/config.php 第 65 行.
NOTIC: [8] Undefined offset: 0 /opt/web/erpcnapi/include/config.php 第 66 行.
NOTIC: [8] Undefined offset: 0 /opt/web/erpcnapi/include/config.php 第 67 行.
NOTIC: [8] Undefined offset: 0 /opt/web/erpcnapi/include/config.php 第 68 行.
NOTIC: [8] Undefined offset: 0 /opt/web/erpcnapi/include/config.php 第 69 行.
NOTIC: [8] Undefined offset: 0 /opt/web/erpcnapi/include/config.php 第 70 行.
NOTIC: [8] Undefined offset: 0 /opt/web/erpcnapi/include/config.php 第 71 行.
NOTIC: [8] Undefined offset: 0 /opt/web/erpcnapi/include/config.php 第 72 行.
NOTIC: [8] Undefined offset: 0 /opt/web/erpcnapi/include/config.php 第 73 行.
NOTIC: [8] Undefined offset: 0 /opt/web/erpcnapi/include/config.php 第 74 行.
NOTIC: [8] Undefined offset: 0 /opt/web/erpcnapi/include/config.php 第 75 行.
NOTIC: [8] Undefined offset: 0 /opt/web/erpcnapi/include/config.php 第 76 行.
NOTIC: [8] Undefined offset: 0 /opt/web/erpcnapi/include/config.php 第 77 行.
NOTIC: [8] Undefined offset: 0 /opt/web/erpcnapi/include/config.php 第 78 行.
NOTIC: [8] Undefined offset: 0 /opt/web/erpcnapi/include/config.php 第 79 行.
NOTIC: [8] Undefined offset: 0 /opt/web/erpcnapi/include/config.php 第 80 行.
NOTIC: [8] Undefined offset: 0 /opt/web/erpcnapi/include/config.php 第 81 行.
NOTIC: [8] Undefined offset: 0 /opt/web/erpcnapi/include/config.php 第 82 行.
NOTIC: [8] Undefined offset: 0 /opt/web/erpcnapi/include/config.php 第 83 行.
NOTIC: [8] Undefined offset: 0 /opt/web/erpcnapi/include/config.php 第 84 行.
NOTIC: [8] Undefined offset: 0 /opt/web/erpcnapi/include/config.php 第 85 行.
NOTIC: [8] Undefined offset: 0 /opt/web/erpcnapi/include/config.php 第 86 行.
NOTIC: [8] Undefined offset: 0 /opt/web/erpcnapi/include/config.php 第 87 行.
NOTIC: [8] Undefined offset: 0 /opt/web/erpcnapi/include/config.php 第 88 行.
NOTIC: [2] mysql_fetch_assoc() expects parameter 1 to be resource, boolean given /opt/web/erpcnapi/include/dbconnect.php 第 115 行.
NOTIC: [2] mysql_free_result() expects parameter 1 to be resource, boolean given /opt/web/erpcnapi/include/dbconnect.php 第 120 行.
NOTIC: [8] Undefined index: module /opt/web/erpcnapi/top.php 第 31 行.
NOTIC: [8] Undefined index: action /opt/web/erpcnapi/top.php 第 32 行.
NOTIC: [8] Undefined index: module /opt/web/erpcnapi/top.php 第 237 行.
NOTIC: [8] Undefined variable: vieworderstatusArr /opt/web/erpcnapi/top.php 第 258 行.
NOTIC: [2] in_array() expects parameter 2 to be array, null given /opt/web/erpcnapi/top.php 第 258 行.
INFO: Run Behavior\ParseTemplateBehavior [ RunTime:0.095903s ]
INFO: [ view_parse ] --END-- [ RunTime:0.095972s ]
INFO: [ view_filter ] --START--
INFO: Run Behavior\WriteHtmlCacheBehavior [ RunTime:0.005068s ]
INFO: [ view_filter ] --END-- [ RunTime:0.005150s ]
INFO: [ app_end ] --START--
INFO: Run Behavior\ShowPageTraceBehavior [ RunTime:0.003884s ]
INFO: [ app_end ] --END-- [ RunTime:0.003954s ]

